Totalresults: 51
https://api.github.com/repos/sparklemotion/nokogiri - sparklemotion_nokogiri - sparklemotion/nokogiri
    No build files found!
https://api.github.com/repos/android/platform_frameworks_base - android_platform_frameworks_base - android/platform_frameworks_base
    No build files found!
https://api.github.com/repos/yui/yuicompressor - yui_yuicompressor - yui/yuicompressor
    build.xml
https://api.github.com/repos/leachim6/hello-world - leachim6_hello-world - leachim6/hello-world
    No build files found!
https://api.github.com/repos/unclebob/fitnesse - unclebob_fitnesse - unclebob/fitnesse
    extra/maven/pom.xml
    build.xml
    ivy.xml
https://api.github.com/repos/dustin/java-memcached-client - dustin_java-memcached-client - dustin/java-memcached-client
    pom.xml
    build.xml
    ivy.xml
https://api.github.com/repos/rictic/code_swarm - rictic_code_swarm - rictic/code_swarm
    build.xml
https://api.github.com/repos/myabc/markdownj - myabc_markdownj - myabc/markdownj
    core/pom.xml
    pom.xml
https://api.github.com/repos/davidB/scala-maven-plugin - davidB_scala-maven-plugin - davidB/scala-maven-plugin
    pom.xml
    src/it/27_scalac-plugin/pom.xml
    src/it/27_scalac-plugin/src/it/plugin-test/pom.xml
    src/it/27_scaladocOnMultiModules/m1/pom.xml
    src/it/27_scaladocOnMultiModules/m2/pom.xml
    src/it/27_scaladocOnMultiModules/pom.xml
    src/it/includesExcludes/pom.xml
    src/it/mismatchedScalaVersions/pom.xml
    src/it/next_test-scalac/pom.xml
    src/it/off-test_scaladoc2_onMultiModules/m1/pom.xml
    src/it/off-test_scaladoc2_onMultiModules/m2/pom.xml
    src/it/off-test_scaladoc2_onMultiModules/pom.xml
    src/it/off-test_script_bug48/pom.xml
    src/it/test-incremental-compile/pom.xml
    src/it/test1/pom.xml
    src/it/testJavaAndScala/pom.xml
    src/it/testLotsofJavaFiles/pom.xml
    src/it/testLotsofJavaFilesNoFork/pom.xml
    src/it/test_custom_outputdir/pom.xml
    src/it/test_directory_with_class_name/pom.xml
    src/it/test_goal_doc/pom.xml
    src/it/test_goal_site/pom.xml
    src/it/test_macroparadise/core/pom.xml
    src/it/test_macroparadise/macro/pom.xml
    src/it/test_macroparadise/pom.xml
    src/it/test_multicompile/pom.xml
    src/it/test_no_sources/pom.xml
    src/it/test_scalaHome/pom.xml
    src/it/test_scaladoc2_onJavaScala/pom.xml
    src/it/test_script_hello/pom.xml
https://api.github.com/repos/tcurdt/jdeb - tcurdt_jdeb - tcurdt/jdeb
    pom.xml
    src/examples/maven/pom.xml
    src/it/no-datasets/pom.xml
    src/it/pom-only/pom.xml
    src/examples/ant/build.xml
    src/test/resources/testbuild.xml
https://api.github.com/repos/jsampson/prevayler - jsampson_prevayler - jsampson/prevayler
    core/pom.xml
    demos/demo1/pom.xml
    demos/jxpath/pom.xml
    demos/pom.xml
    demos/prevayler-maven-archetype/pom.xml
    demos/scalability/pom.xml
    demos/tutorial/pom.xml
    extras/facade/pom.xml
    extras/log4j/pom.xml
    extras/memento/pom.xml
    extras/pom.xml
    extras/xstream/pom.xml
    factory/pom.xml
    pom.xml
    spikes/mirror-tests/pom.xml
    spikes/mirror/pom.xml
    spikes/pom.xml
    tests/pom.xml
https://api.github.com/repos/android/platform_packages_apps_music - android_platform_packages_apps_music - android/platform_packages_apps_music
    No build files found!
https://api.github.com/repos/android/platform_packages_apps_contacts - android_platform_packages_apps_contacts - android/platform_packages_apps_contacts
    No build files found!
https://api.github.com/repos/kungfoo/geohash-java - kungfoo_geohash-java - kungfoo/geohash-java
    pom.xml
    build.xml
https://api.github.com/repos/android/platform_packages_apps_settings - android_platform_packages_apps_settings - android/platform_packages_apps_settings
    No build files found!
https://api.github.com/repos/android/platform_packages_apps_calendar - android_platform_packages_apps_calendar - android/platform_packages_apps_calendar
    No build files found!
https://api.github.com/repos/android/platform_packages_apps_mms - android_platform_packages_apps_mms - android/platform_packages_apps_mms
    No build files found!
https://api.github.com/repos/android/platform_packages_apps_browser - android_platform_packages_apps_browser - android/platform_packages_apps_browser
    No build files found!
https://api.github.com/repos/android/platform_packages_apps_email - android_platform_packages_apps_email - android/platform_packages_apps_email
    No build files found!
https://api.github.com/repos/raykrueger/hibernate-memcached - raykrueger_hibernate-memcached - raykrueger/hibernate-memcached
    pom.xml
https://api.github.com/repos/bwaldvogel/liblinear-java - bwaldvogel_liblinear-java - bwaldvogel/liblinear-java
    pom.xml
https://api.github.com/repos/android/platform_packages_apps_camera - android_platform_packages_apps_camera - android/platform_packages_apps_camera
    No build files found!
https://api.github.com/repos/mth/yeti - mth_yeti - mth/yeti
    build.xml
    examples/war/build.xml
https://api.github.com/repos/happygiraffe/jslint4java - happygiraffe_jslint4java - happygiraffe/jslint4java
    jslint4java-ant/pom.xml
    jslint4java-dist/pom.xml
    jslint4java-docs/pom.xml
    jslint4java-maven-plugin/pom.xml
    jslint4java-maven-plugin/pom.xml
    jslint4java-maven-plugin/src/test/resources/com/googlecode/jslint4java/maven/pom.xml
    jslint4java/pom.xml
    pom.xml
https://api.github.com/repos/android/platform_packages_apps_phone - android_platform_packages_apps_phone - android/platform_packages_apps_phone
    No build files found!
https://api.github.com/repos/bradfitz/android-garage-opener - bradfitz_android-garage-opener - bradfitz/android-garage-opener
    anpher/devtest/build.xml
    build.xml
https://api.github.com/repos/jdoklovic/maven-cli-plugin - jdoklovic_maven-cli-plugin - jdoklovic/maven-cli-plugin
    idea/pom.xml
    maven/pom.xml
    pom.xml
https://api.github.com/repos/rikrd/geomerative - rikrd_geomerative - rikrd/geomerative
    build.xml
https://api.github.com/repos/android/platform_packages_providers_contactsprovider - android_platform_packages_providers_contactsprovider - android/platform_packages_providers_contactsprovider
    No build files found!
https://api.github.com/repos/dtrott/fuse4j - dtrott_fuse4j - dtrott/fuse4j
    maven/capi-generator/pom.xml
    maven/fuse4j-core/pom.xml
    maven/fuse4j-fakefs/pom.xml
    maven/fuse4j-staticfs/pom.xml
    maven/fuse4j-zipfs/pom.xml
    maven/pom.xml
https://api.github.com/repos/android/platform_packages_providers_downloadprovider - android_platform_packages_providers_downloadprovider - android/platform_packages_providers_downloadprovider
    No build files found!
https://api.github.com/repos/android/platform_packages_apps_calculator - android_platform_packages_apps_calculator - android/platform_packages_apps_calculator
    No build files found!
https://api.github.com/repos/sapo/sapo-broker - sapo_sapo-broker - sapo/sapo-broker
    agent/build.xml
    bindings/json/java/build.xml
    bindings/protobuf/java/build.xml
    bindings/thrift/java/build.xml
    bindings/xml/java/build.xml
    broker-tests/build.xml
    clients/java-component/build.xml
    clients/java-component/samples/build.xml
    clients/javascript-bridge/build.xml
    comm-types/build.xml
    gcs/build.xml
    monitorization/collector/build.xml
    monitorization/console/build.xml
    performance-tests/build.xml
https://api.github.com/repos/cyberfox/jbidwatcher - cyberfox_jbidwatcher - cyberfox/jbidwatcher
    build.xml
https://api.github.com/repos/mikereedell/sunrisesunsetlib-java - mikereedell_sunrisesunsetlib-java - mikereedell/sunrisesunsetlib-java
    pom.xml
    build.xml
https://api.github.com/repos/android/platform_packages_apps_soundrecorder - android_platform_packages_apps_soundrecorder - android/platform_packages_apps_soundrecorder
    No build files found!
https://api.github.com/repos/android/platform_packages_apps_packageinstaller - android_platform_packages_apps_packageinstaller - android/platform_packages_apps_packageinstaller
    No build files found!
https://api.github.com/repos/orfjackal/dimdwarf - orfjackal_dimdwarf - orfjackal/dimdwarf
    dimdwarf-aop/pom.xml
    dimdwarf-api-internal/pom.xml
    dimdwarf-api/pom.xml
    dimdwarf-core/pom.xml
    dist/agent/pom.xml
    dist/dimdwarf-dist/pom.xml
    dist/launcher/pom.xml
    dist/pom.xml
    end-to-end-tests/pom.xml
    parent/pom.xml
    pom.xml
    test-utils/pom.xml
https://api.github.com/repos/android/platform_packages_providers_calendarprovider - android_platform_packages_providers_calendarprovider - android/platform_packages_providers_calendarprovider
    No build files found!
https://api.github.com/repos/android/platform_packages_providers_telephonyprovider - android_platform_packages_providers_telephonyprovider - android/platform_packages_providers_telephonyprovider
    No build files found!
https://api.github.com/repos/sickill/off-plugin - sickill_off-plugin - sickill/off-plugin
    jedit/build.xml
    jedit/build.xml
    netbeans/build.xml
https://api.github.com/repos/android/platform_packages_apps_htmlviewer - android_platform_packages_apps_htmlviewer - android/platform_packages_apps_htmlviewer
    No build files found!
https://api.github.com/repos/android/platform_packages_apps_stk - android_platform_packages_apps_stk - android/platform_packages_apps_stk
    No build files found!
https://api.github.com/repos/aschearer/shade - aschearer_shade - aschearer/shade
    build.xml
https://api.github.com/repos/android/platform_packages_providers_mediaprovider - android_platform_packages_providers_mediaprovider - android/platform_packages_providers_mediaprovider
    No build files found!
https://api.github.com/repos/android/platform_external_apache-http - android_platform_external_apache-http - android/platform_external_apache-http
    No build files found!
https://api.github.com/repos/stephenh/joist - stephenh_joist - stephenh/joist
    docs/build.xml
    domain-testing/ivy.xml
    domain/ivy.xml
    features/ivy.xml
    migrations/ivy.xml
    perf/ivy.xml
    starter/ivy.xml
    util/ivy.xml
https://api.github.com/repos/android/platform_packages_apps_voicedialer - android_platform_packages_apps_voicedialer - android/platform_packages_apps_voicedialer
    No build files found!
https://api.github.com/repos/sethm/symon - sethm_symon - sethm/symon
    pom.xml
https://api.github.com/repos/bmc/javautil - bmc_javautil - bmc/javautil
    No build files found!
https://api.github.com/repos/tcurdt/jdependency - tcurdt_jdependency - tcurdt/jdependency
    pom.xml
URLS processed: 51
