Totalresults: 297
https://api.github.com/repos/EnterpriseQualityCoding/FizzBuzzEnterpriseEdition - EnterpriseQualityCoding_FizzBuzzEnterpriseEdition - EnterpriseQualityCoding/FizzBuzzEnterpriseEdition
    pom.xml
https://api.github.com/repos/Netflix/Hystrix - Netflix_Hystrix - Netflix/Hystrix
    build.gradle
    hystrix-contrib/hystrix-clj/build.gradle
    hystrix-contrib/hystrix-codahale-metrics-publisher/build.gradle
    hystrix-contrib/hystrix-javanica/build.gradle
    hystrix-contrib/hystrix-metrics-event-stream/build.gradle
    hystrix-contrib/hystrix-network-auditor-agent/build.gradle
    hystrix-contrib/hystrix-request-servlet/build.gradle
    hystrix-contrib/hystrix-servo-metrics-publisher/build.gradle
    hystrix-contrib/hystrix-yammer-metrics-publisher/build.gradle
    hystrix-core/build.gradle
    hystrix-dashboard/build.gradle
    hystrix-examples-webapp/build.gradle
    hystrix-examples/build.gradle
https://api.github.com/repos/pardom/ActiveAndroid - pardom_ActiveAndroid - pardom/ActiveAndroid
    pom.xml
    tests/pom.xml
    build.gradle
    build.xml
https://api.github.com/repos/orientechnologies/orientdb - orientechnologies_orientdb - orientechnologies/orientdb
    client/pom.xml
    commons/pom.xml
    core/pom.xml
    distributed/pom.xml
    distribution/pom.xml
    enterprise/pom.xml
    graphdb/pom.xml
    nativeos/pom.xml
    object/pom.xml
    pom.xml
    server/pom.xml
    tests/pom.xml
    tools/pom.xml
    _base/base-build.xml
    build.xml
    client/build.xml
    commons/build.xml
    core/build.xml
    distributed/build.xml
    enterprise/build.xml
    graphdb/build.xml
    nativeos/build.xml
    object/build.xml
    server/build.xml
    tests/build.xml
    tools/build.xml
https://api.github.com/repos/amplab/tachyon - amplab_tachyon - amplab/tachyon
    client/pom.xml
    main/pom.xml
    pom.xml
https://api.github.com/repos/neo4j/neo4j - neo4j_neo4j - neo4j/neo4j
    advanced/management/pom.xml
    advanced/neo4j-advanced/pom.xml
    advanced/neo4j-advanced/src/main/resources/pom.xml
    advanced/pom.xml
    advanced/server-advanced/pom.xml
    community/browser/pom.xml
    community/cypher/cypher-commons/pom.xml
    community/cypher/cypher/pom.xml
    community/cypher/docs/cypher-docs/pom.xml
    community/cypher/docs/graphgist/pom.xml
    community/cypher/pom.xml
    community/embedded-examples/pom.xml
    community/graph-algo/pom.xml
    community/graph-matching/pom.xml
    community/graphviz/pom.xml
    community/jmx/pom.xml
    community/kernel/pom.xml
    community/licensecheck-config/pom.xml
    community/lucene-index/pom.xml
    community/monitor-logging/pom.xml
    community/neo4j-community/pom.xml
    community/neo4j-community/src/main/resources/pom.xml
    community/neo4j/pom.xml
    community/neo4j/src/main/resources/pom.xml
    community/pom.xml
    community/primitive-collections/pom.xml
    community/server-api/pom.xml
    community/server-examples/pom.xml
    community/server-plugin-test/pom.xml
    community/server/pom.xml
    community/shell/pom.xml
    community/udc-integration/pom.xml
    community/udc/pom.xml
    enterprise/backup/pom.xml
    enterprise/cluster/pom.xml
    enterprise/com/pom.xml
    enterprise/consistency-check/pom.xml
    enterprise/enterprise-performance-tests/pom.xml
    enterprise/ha/pom.xml
    enterprise/neo4j-enterprise/pom.xml
    enterprise/neo4j-enterprise/src/main/resources/pom.xml
    enterprise/pom.xml
    enterprise/server-enterprise/pom.xml
    manual/pom.xml
    packaging/installer-linux/installer-debian/pom.xml
    packaging/installer-linux/installer-rpm/installer-rpm-advanced/pom.xml
    packaging/installer-linux/installer-rpm/installer-rpm-community/pom.xml
    packaging/installer-linux/installer-rpm/installer-rpm-enterprise/pom.xml
    packaging/installer-linux/installer-rpm/pom.xml
    packaging/installer-linux/pom.xml
    packaging/installer-qa/pom.xml
    packaging/neo4j-desktop/pom.xml
    packaging/pom.xml
    packaging/qa/pom.xml
    packaging/standalone/pom.xml
    packaging/standalone/standalone-advanced/pom.xml
    packaging/standalone/standalone-community/pom.xml
    packaging/standalone/standalone-enterprise/pom.xml
    pom.xml
    packaging/installer-linux/installer-debian/build.xml
https://api.github.com/repos/maurycyw/StaggeredGridView - maurycyw_StaggeredGridView - maurycyw/StaggeredGridView
    pom.xml
    build.gradle
https://api.github.com/repos/lucasr/smoothie - lucasr_smoothie - lucasr/smoothie
    build.gradle
    library/build.gradle
    samples/bitmap-cache/build.gradle
    samples/gallery/build.gradle
https://api.github.com/repos/apache/cordova-android - apache_cordova-android - apache/cordova-android
    framework/build.xml
    test/build.xml
https://api.github.com/repos/linkedin/rest - linkedin_rest - linkedin/rest
    No build files found!
https://api.github.com/repos/linkedin/databus - linkedin_databus - linkedin/databus
    build.gradle
    databus-bootstrap-client/databus-bootstrap-client-impl/build.gradle
    databus-bootstrap-common/databus-bootstrap-common-api/build.gradle
    databus-bootstrap-common/databus-bootstrap-common-impl/build.gradle
    databus-bootstrap-producer/databus-bootstrap-producer-impl/build.gradle
    databus-bootstrap-server/databus-bootstrap-server-impl/build.gradle
    databus-bootstrap-server/databus-bootstrap-server-pkg/build.gradle
    databus-bootstrap-utils/databus-bootstrap-utils-impl/build.gradle
    databus-client/databus-client-api/build.gradle
    databus-client/databus-client-common/build.gradle
    databus-client/databus-client-http/build.gradle
    databus-client/databus-client-test-util/build.gradle
    databus-client/databus2-client-util/build.gradle
    databus-cluster/databus-cluster-manager-impl/build.gradle
    databus-core/databus-core-container/build.gradle
    databus-core/databus-core-fwk-test/build.gradle
    databus-core/databus-core-impl/build.gradle
    databus-core/databus-core-schema-tools-pkg/build.gradle
    databus-core/databus-core-schema-tools/build.gradle
    databus-core/databus-core-schemas-test/build.gradle
    databus-core/databus-core-schemas/build.gradle
    databus-group-leader/databus-group-leader-api/build.gradle
    databus-group-leader/databus-group-leader-example/build.gradle
    databus-group-leader/databus-group-leader-impl/build.gradle
    databus-relay/databus-relay-run/build.gradle
    databus-tools/databus-dtail-impl/build.gradle
    databus-tools/databus-tools-pkg/build.gradle
    databus-util-cmdline/databus-util-cmdline-impl/build.gradle
    databus-util-cmdline/databus2-cmdline-tools-pkg/build.gradle
    databus2-example/databus2-example-bst-producer-pkg/build.gradle
    databus2-example/databus2-example-client-pkg/build.gradle
    databus2-example/databus2-example-client/build.gradle
    databus2-example/databus2-example-person/build.gradle
    databus2-example/databus2-example-relay-pkg/build.gradle
    databus2-example/databus2-example-relay/build.gradle
    databus2-gg/databus2-ggparser-impl/build.gradle
    databus2-relay/databus2-event-producer-common/build.gradle
    databus2-relay/databus2-event-producer-mock/build.gradle
    databus2-relay/databus2-event-producer-or/build.gradle
    databus2-relay/databus2-relay-impl/build.gradle
    db/databus2-bootstrap/build.gradle
    metrics-histograms/metrics-core-impl/build.gradle
https://api.github.com/repos/dmitry-zaitsev/AndroidSideMenu - dmitry-zaitsev_AndroidSideMenu - dmitry-zaitsev/AndroidSideMenu
    No build files found!
https://api.github.com/repos/GDG-Korea/PinterestLikeAdapterView - GDG-Korea_PinterestLikeAdapterView - GDG-Korea/PinterestLikeAdapterView
    pom.xml
https://api.github.com/repos/LWJGL/lwjgl - LWJGL_lwjgl - LWJGL/lwjgl
    build.xml
    maven/build.xml
    platform_build/bsd_ant/build.xml
    platform_build/linux_ant/build.xml
    platform_build/macosx_ant/build.xml
    platform_build/mingw_ant/build.xml
    platform_build/windows_ant/build.xml
https://api.github.com/repos/spring-projects/spring-loaded - spring-projects_spring-loaded - spring-projects/spring-loaded
    build.gradle
    springloaded/build.gradle
    testdata-aspectj/build.gradle
    testdata-groovy/build.gradle
    testdata-java8/build.gradle
    testdata-plugin/build.gradle
    testdata-subloader/build.gradle
    testdata-superloader/build.gradle
    testdata/build.gradle
https://api.github.com/repos/datastax/java-driver - datastax_java-driver - datastax/java-driver
    No build files found!
https://api.github.com/repos/flyway/flyway - flyway_flyway - flyway/flyway
    flyway-ant-largetest/pom.xml
    flyway-ant/pom.xml
    flyway-commandline-largetest/pom.xml
    flyway-commandline/pom.xml
    flyway-core/pom.xml
    flyway-gradle-plugin-largetest/pom.xml
    flyway-gradle-plugin/pom.xml
    flyway-maven-plugin-largetest/pom.xml
    flyway-maven-plugin-largetest/src/test/resources/callbacks-property/pom.xml
    flyway-maven-plugin-largetest/src/test/resources/locations-elements/pom.xml
    flyway-maven-plugin-largetest/src/test/resources/locations-property/pom.xml
    flyway-maven-plugin-largetest/src/test/resources/regular/pom.xml
    flyway-maven-plugin-largetest/src/test/resources/sample/pom.xml
    flyway-maven-plugin-largetest/src/test/resources/settings-default/pom.xml
    flyway-maven-plugin-largetest/src/test/resources/settings-encrypted/pom.xml
    flyway-maven-plugin-largetest/src/test/resources/settings/pom.xml
    flyway-maven-plugin-largetest/src/test/resources/skip/pom.xml
    flyway-maven-plugin/pom.xml
    flyway-osgi-largetest/pom.xml
    flyway-sample-osgi-fragment/pom.xml
    flyway-sample-osgi/pom.xml
    flyway-sample-webapp/pom.xml
    flyway-sample/pom.xml
    flyway-sbt-largetest/pom.xml
    flyway-sbt/pom.xml
    pom.xml
    flyway-gradle-plugin-largetest/src/test/resources/regular/build.gradle
    flyway-gradle-plugin/build.gradle
    flyway-sample/build.gradle
    flyway-ant-largetest/src/test/resources/callback-property/build.xml
    flyway-ant-largetest/src/test/resources/info/build.xml
    flyway-ant-largetest/src/test/resources/init/build.xml
    flyway-ant-largetest/src/test/resources/jars/build.xml
    flyway-ant-largetest/src/test/resources/locations-element/build.xml
    flyway-ant-largetest/src/test/resources/locations-property/build.xml
    flyway-ant-largetest/src/test/resources/migrate/build.xml
    flyway-ant-largetest/src/test/resources/multi/build.xml
    flyway-ant-largetest/src/test/resources/sample/build.xml
    flyway-sample/build.xml
https://api.github.com/repos/mattdesl/lwjgl-basics - mattdesl_lwjgl-basics - mattdesl/lwjgl-basics
    No build files found!
https://api.github.com/repos/good-life/PushTalk - good-life_PushTalk - good-life/PushTalk
    server-java/pom.xml
    build.xml
https://api.github.com/repos/Netflix/blitz4j - Netflix_blitz4j - Netflix/blitz4j
    build.gradle
https://api.github.com/repos/maurycyw/StaggeredGridViewDemo - maurycyw_StaggeredGridViewDemo - maurycyw/StaggeredGridViewDemo
    No build files found!
https://api.github.com/repos/JoanZapata/android-pdfview - JoanZapata_android-pdfview - JoanZapata/android-pdfview
    android-pdfview-sample/pom.xml
    android-pdfview/pom.xml
    pom.xml
https://api.github.com/repos/sephiroth74/HorizontalVariableListView - sephiroth74_HorizontalVariableListView - sephiroth74/HorizontalVariableListView
    build.gradle
    demo/build.gradle
    library/build.gradle
https://api.github.com/repos/linkedin/camus - linkedin_camus - linkedin/camus
    camus-api/pom.xml
    camus-etl-kafka/pom.xml
    camus-example/pom.xml
    camus-kafka-coders/pom.xml
    camus-schema-registry-avro/pom.xml
    camus-schema-registry/pom.xml
    camus-sweeper/pom.xml
    pom.xml
    camus-api/build.gradle
    camus-etl-kafka/build.gradle
    camus-example/build.gradle
    camus-kafka-coders/build.gradle
    camus-schema-registry-avro/build.gradle
    camus-schema-registry/build.gradle
    camus-sweeper/build.gradle
https://api.github.com/repos/ankri/SwitchCompatLibrary - ankri_SwitchCompatLibrary - ankri/SwitchCompatLibrary
    No build files found!
https://api.github.com/repos/MartinvanZ/Inscription - MartinvanZ_Inscription - MartinvanZ/Inscription
    library/pom.xml
    pom.xml
    samples/changelog/pom.xml
    samples/pom.xml
    samples/whatsnewdialog/pom.xml
https://api.github.com/repos/atermenji/IconicDroid - atermenji_IconicDroid - atermenji/IconicDroid
    library/pom.xml
    pom.xml
    sample/pom.xml
https://api.github.com/repos/shipilev/java-object-layout - shipilev_java-object-layout - shipilev/java-object-layout
    No build files found!
https://api.github.com/repos/Netflix/Turbine - Netflix_Turbine - Netflix/Turbine
    build.gradle
    turbine-contrib/build.gradle
    turbine-core/build.gradle
    turbine-web/build.gradle
https://api.github.com/repos/mixi-inc/Android-Device-Compatibility - mixi-inc_Android-Device-Compatibility - mixi-inc/Android-Device-Compatibility
    AndroidDeviceCompatibility/build.gradle
    build.gradle
https://api.github.com/repos/castorflex/FlipImageView - castorflex_FlipImageView - castorflex/FlipImageView
    Library/build.gradle
    Sample/build.gradle
    build.gradle
https://api.github.com/repos/martylamb/nailgun - martylamb_nailgun - martylamb/nailgun
    nailgun-examples/pom.xml
    nailgun-server/pom.xml
    pom.xml
https://api.github.com/repos/thebusby/iota - thebusby_iota - thebusby/iota
    No build files found!
https://api.github.com/repos/dianping/cat - dianping_cat - dianping/cat
    cat-client/pom.xml
    cat-consumer-advanced/pom.xml
    cat-consumer/pom.xml
    cat-core/pom.xml
    cat-hadoop/pom.xml
    cat-home/pom.xml
    cat-maven-plugin/pom.xml
    pom.xml
https://api.github.com/repos/lviggiano/owner - lviggiano_owner - lviggiano/owner
    owner-site/pom.xml
    owner/pom.xml
    pom.xml
    owner-site/site/build.xml
https://api.github.com/repos/guardianproject/NetCipher - guardianproject_NetCipher - guardianproject/NetCipher
    No build files found!
https://api.github.com/repos/gueei/AndroidBinding - gueei_AndroidBinding - gueei/AndroidBinding
    Test/AndroidBindingTest/build.xml
https://api.github.com/repos/MachineMuse/MachineMusePowersuits - MachineMuse_MachineMusePowersuits - MachineMuse/MachineMusePowersuits
    build.xml
https://api.github.com/repos/bitsofproof/supernode - bitsofproof_supernode - bitsofproof/supernode
    api/pom.xml
    pom.xml
https://api.github.com/repos/vkostyukov/la4j - vkostyukov_la4j - vkostyukov/la4j
    pom.xml
https://api.github.com/repos/jgilfelt/android-simpl3r - jgilfelt_android-simpl3r - jgilfelt/android-simpl3r
    build.xml
https://api.github.com/repos/jprante/elasticsearch-knapsack - jprante_elasticsearch-knapsack - jprante/elasticsearch-knapsack
    pom.xml
https://api.github.com/repos/karussell/elasticsearch-reindex - karussell_elasticsearch-reindex - karussell/elasticsearch-reindex
    pom.xml
https://api.github.com/repos/msdx/androidkit - msdx_androidkit - msdx/androidkit
    No build files found!
https://api.github.com/repos/mulesoft/mule - mulesoft_mule - mulesoft/mule
    No build files found!
https://api.github.com/repos/Akdeniz/google-play-crawler - Akdeniz_google-play-crawler - Akdeniz/google-play-crawler
    pom.xml
https://api.github.com/repos/frankiesardo/LinearListView - frankiesardo_LinearListView - frankiesardo/LinearListView
    build.gradle
    linearlistview/build.gradle
    sample/build.gradle
https://api.github.com/repos/terlici/DragNDropList - terlici_DragNDropList - terlici/DragNDropList
    build.gradle
https://api.github.com/repos/Decad3nce/Aegis - Decad3nce_Aegis - Decad3nce/Aegis
    No build files found!
https://api.github.com/repos/FoundationDB/sql-parser - FoundationDB_sql-parser - FoundationDB/sql-parser
    pom.xml
https://api.github.com/repos/Jaxo/fxosstub - Jaxo_fxosstub - Jaxo/fxosstub
    No build files found!
https://api.github.com/repos/paulhoule/infovore - paulhoule_infovore - paulhoule/infovore
    bakemono/pom.xml
    haruhi/pom.xml
    pom.xml
https://api.github.com/repos/chrisjenx/StaggeredGridView - chrisjenx_StaggeredGridView - chrisjenx/StaggeredGridView
    No build files found!
https://api.github.com/repos/01org/graphbuilder - 01org_graphbuilder - 01org/graphbuilder
    pom.xml
https://api.github.com/repos/nurkiewicz/spring-data-jdbc-repository - nurkiewicz_spring-data-jdbc-repository - nurkiewicz/spring-data-jdbc-repository
    pom.xml
https://api.github.com/repos/onepf/AppDF - onepf_AppDF - onepf/AppDF
    tools/parser-lib/build.gradle
    tools/parser-lib/cli/build.gradle
    tools/parser-lib/model/build.gradle
    tools/parser-lib/parser/build.gradle
https://api.github.com/repos/code4craft/blackhole - code4craft_blackhole - code4craft/blackhole
    pom.xml
    server/pom.xml
https://api.github.com/repos/nallar/TickThreading - nallar_TickThreading - nallar/TickThreading
    build.xml
https://api.github.com/repos/cping/LGame - cping_LGame - cping/LGame
    No build files found!
https://api.github.com/repos/feicien/StudyDemo - feicien_StudyDemo - feicien/StudyDemo
    No build files found!
https://api.github.com/repos/jinmingjian/eclipse - jinmingjian_eclipse - jinmingjian/eclipse
    No build files found!
https://api.github.com/repos/haiwen/seadroid - haiwen_seadroid - haiwen/seadroid
    pom.xml
    build.xml
https://api.github.com/repos/cloudsec/ajvm - cloudsec_ajvm - cloudsec/ajvm
    No build files found!
https://api.github.com/repos/jakenjarvis/Android-OrmLiteContentProvider - jakenjarvis_Android-OrmLiteContentProvider - jakenjarvis/Android-OrmLiteContentProvider
    ormlite-content-provider-compiler-sample/pom.xml
    ormlite-content-provider-compiler/pom.xml
    ormlite-content-provider-library-test/pom.xml
    ormlite-content-provider-library/pom.xml
    ormlite-content-provider-sample/pom.xml
    pom.xml
https://api.github.com/repos/leleuj/play-pac4j - leleuj_play-pac4j - leleuj/play-pac4j
    play-pac4j_java/pom.xml
    play-pac4j_scala/pom.xml
    pom.xml
https://api.github.com/repos/AntonKast/LightZone - AntonKast_LightZone - AntonKast/LightZone
    lightcrafts/build.xml
    lightcrafts/test/build.xml
    linux/build.xml
    linux/help/build.xml
    macosx/build.xml
    windows/build.xml
https://api.github.com/repos/InQBarna/TableFixHeaders - InQBarna_TableFixHeaders - InQBarna/TableFixHeaders
    No build files found!
https://api.github.com/repos/HubSpot/dropwizard-guice - HubSpot_dropwizard-guice - HubSpot/dropwizard-guice
    pom.xml
https://api.github.com/repos/xvitcoder/spring-mvc-angularjs - xvitcoder_spring-mvc-angularjs - xvitcoder/spring-mvc-angularjs
    pom.xml
https://api.github.com/repos/llbit/chunky - llbit_chunky - llbit/chunky
    build.xml
    chunky/build.xml
    launcher/build.xml
    lib/build.xml
    releasetools/build.xml
https://api.github.com/repos/BoD/android-contentprovider-generator - BoD_android-contentprovider-generator - BoD/android-contentprovider-generator
    pom.xml
https://api.github.com/repos/rovo89/XposedAppSettings - rovo89_XposedAppSettings - rovo89/XposedAppSettings
    No build files found!
https://api.github.com/repos/stanfy/enroscar - stanfy_enroscar - stanfy/enroscar
    assist/build.gradle
    beans/build.gradle
    build.gradle
    content/async-compiler/build.gradle
    content/providers/build.gradle
    goro/core/build.gradle
    goro/sample/build.gradle
    images/build.gradle
    integration/actionbarsherlock/enroscar-sherlock-integration/build.gradle
    io/build.gradle
    io/java-sample/build.gradle
    net/build.gradle
    sample-project/build.gradle
    stats/build.gradle
    ui/build.gradle
    integration/http-response-cache/enroscar-HttpResponseCache-integration/build/build.xml
https://api.github.com/repos/pyricau/CleanAndroidCode - pyricau_CleanAndroidCode - pyricau/CleanAndroidCode
    cleanandroidcode-it/pom.xml
    cleanandroidcode-processor/pom.xml
    cleanandroidcode/pom.xml
    pom.xml
https://api.github.com/repos/libreliodev/android - libreliodev_android - libreliodev/android
    libraries/appirater-android/pom.xml
    pom.xml
https://api.github.com/repos/endosnipe/ENdoSnipe - endosnipe_ENdoSnipe - endosnipe/ENdoSnipe
    Dashboard/pom.xml
    ENdoSnipeCommon/pom.xml
    ENdoSnipeCommunicator/pom.xml
    ENdoSnipeDataAccessor/pom.xml
    ENdoSnipeDataCollector/pom.xml
    ENdoSnipePerfDoctor/pom.xml
    ENdoSnipeReportCommand/pom.xml
    ENdoSnipeReporter/pom.xml
    Javelin/pom.xml
    Dashboard/build.xml
    ENdoSnipe/build.xml
    ENdoSnipeCommon/build.xml
    ENdoSnipeCommunicator/build.xml
    ENdoSnipeDataAccessor/build.xml
    ENdoSnipeDataCollector/build.xml
    ENdoSnipePerfDoctor/build.xml
    ENdoSnipeReportCommand/build.xml
    ENdoSnipeReporter/build.xml
    Javelin/build.xml
https://api.github.com/repos/eyeem/PotatoLibrary - eyeem_PotatoLibrary - eyeem/PotatoLibrary
    build.gradle
    library/build.gradle
https://api.github.com/repos/embarkmobile/zxing-android-minimal - embarkmobile_zxing-android-minimal - embarkmobile/zxing-android-minimal
    build.gradle
https://api.github.com/repos/mixi-inc/triaina - mixi-inc_triaina - mixi-inc/triaina
    android/Commons/build.gradle
    android/Injector/build.gradle
    android/WebViewBridge/build.gradle
    android/lib/HttpClientMultipart/build.gradle
    android/sample/TriainaSample/build.gradle
https://api.github.com/repos/siondream/freegemas-gdx - siondream_freegemas-gdx - siondream/freegemas-gdx
    No build files found!
https://api.github.com/repos/macdonst/VideoPlayer - macdonst_VideoPlayer - macdonst/VideoPlayer
    No build files found!
https://api.github.com/repos/dmacosta/ATableView - dmacosta_ATableView - dmacosta/ATableView
    No build files found!
https://api.github.com/repos/NineWorlds/serenity-android - NineWorlds_serenity-android - NineWorlds/serenity-android
    android-menudrawer/menudrawer-samples/pom.xml
    android-menudrawer/menudrawer/pom.xml
    android-menudrawer/pom.xml
    leftnavbarlibrary/pom.xml
    leftnavbarlibrary/pom.xml
    plexapp-rest-library/pom.xml
    plexapp-rest-library/pom.xml
    pom.xml
    pom.xml
    serenity-app/pom.xml
    serenity-app/pom.xml
    subtitle-converter/pom.xml
    subtitle-converter/pom.xml
    tests/pom.xml
    tests/pom.xml
    tests/serenity-app-tests/pom.xml
    tests/serenity-app-tests/pom.xml
    two-way-gridview/pom.xml
    android-menudrawer/build.gradle
    android-menudrawer/menudrawer-samples/build.gradle
    android-menudrawer/menudrawer/build.gradle
https://api.github.com/repos/Polidea/RoboSpock - Polidea_RoboSpock - Polidea/RoboSpock
    applications/AntBasedAndroidApplication/build.gradle
    applications/AntBasedAndroidApplication/test/robospock/build.gradle
    applications/GradleBasedAndroidApplication/basic/build.gradle
    applications/GradleBasedAndroidApplication/robospock/build.gradle
    robospock/build.gradle
    applications/AntBasedAndroidApplication/build.xml
    applications/AntBasedAndroidApplication/gradle_build.xml
https://api.github.com/repos/epsilonlabsllc/DataManagement - epsilonlabsllc_DataManagement - epsilonlabsllc/DataManagement
    No build files found!
https://api.github.com/repos/marcoRS/nested-fragments - marcoRS_nested-fragments - marcoRS/nested-fragments
    pom.xml
    build.gradle
https://api.github.com/repos/apache/isis - apache_isis - apache/isis
    component/objectstore/jdo/jdo-applib/pom.xml
    component/objectstore/jdo/jdo-datanucleus/pom.xml
    component/objectstore/jdo/jdo-metamodel/pom.xml
    component/objectstore/jdo/pom.xml
    component/objectstore/nosql/pom.xml
    component/objectstore/xml/pom.xml
    component/profilestore/xml/pom.xml
    component/progmodel/groovy/applib/pom.xml
    component/progmodel/groovy/metamodel/pom.xml
    component/progmodel/groovy/pom.xml
    component/security/file/pom.xml
    component/security/shiro/pom.xml
    component/viewer/dnd/impl/pom.xml
    component/viewer/dnd/pom.xml
    component/viewer/dnd/tck/pom.xml
    component/viewer/junit/impl/pom.xml
    component/viewer/junit/pom.xml
    component/viewer/junit/tck/pom.xml
    component/viewer/restfulobjects/applib/pom.xml
    component/viewer/restfulobjects/pom.xml
    component/viewer/restfulobjects/rendering/pom.xml
    component/viewer/restfulobjects/server/pom.xml
    component/viewer/restfulobjects/tck/pom.xml
    component/viewer/scimpi/dispatcher/pom.xml
    component/viewer/scimpi/pom.xml
    component/viewer/scimpi/servlet/pom.xml
    component/viewer/scimpi/tck/pom.xml
    component/viewer/wicket/impl/pom.xml
    component/viewer/wicket/model/pom.xml
    component/viewer/wicket/pom.xml
    component/viewer/wicket/tck/pom.xml
    component/viewer/wicket/ui/pom.xml
    core/applib/pom.xml
    core/bytecode-cglib/pom.xml
    core/bytecode-javassist/pom.xml
    core/integtestsupport/pom.xml
    core/log4j/pom.xml
    core/metamodel/pom.xml
    core/objectstore-inmemory/pom.xml
    core/pom.xml
    core/profilestore-inmemory/pom.xml
    core/runtime/pom.xml
    core/security-noop/pom.xml
    core/specsupport/pom.xml
    core/tck/pom.xml
    core/tck/tck-dom/pom.xml
    core/tck/tck-fixture/pom.xml
    core/unittestsupport/pom.xml
    core/webserver/pom.xml
    core/wrapper/pom.xml
    example/application/quickstart_scimpi_nosql/dom/pom.xml
    example/application/quickstart_scimpi_nosql/fixture/pom.xml
    example/application/quickstart_scimpi_nosql/pom.xml
    example/application/quickstart_scimpi_nosql/viewer-scimpi/pom.xml
    example/application/quickstart_wicket_restful_jdo/dom/pom.xml
    example/application/quickstart_wicket_restful_jdo/fixture/pom.xml
    example/application/quickstart_wicket_restful_jdo/integtests/pom.xml
    example/application/quickstart_wicket_restful_jdo/pom.xml
    example/application/quickstart_wicket_restful_jdo/webapp/pom.xml
    example/application/simple_wicket_restful_jdo/dom/pom.xml
    example/application/simple_wicket_restful_jdo/fixture/pom.xml
    example/application/simple_wicket_restful_jdo/integtests/pom.xml
    example/application/simple_wicket_restful_jdo/pom.xml
    example/application/simple_wicket_restful_jdo/webapp/pom.xml
    example/archetype/quickstart_wicket_restful_jdo/pom.xml
    example/archetype/quickstart_wicket_restful_jdo/src/main/resources/archetype-resources/dom/pom.xml
    example/archetype/quickstart_wicket_restful_jdo/src/main/resources/archetype-resources/fixture/pom.xml
    example/archetype/quickstart_wicket_restful_jdo/src/main/resources/archetype-resources/integtests/pom.xml
    example/archetype/quickstart_wicket_restful_jdo/src/main/resources/archetype-resources/pom.xml
    example/archetype/quickstart_wicket_restful_jdo/src/main/resources/archetype-resources/webapp/pom.xml
    example/archetype/simple_wicket_restful_jdo/pom.xml
    example/archetype/simple_wicket_restful_jdo/src/main/resources/archetype-resources/dom/pom.xml
    example/archetype/simple_wicket_restful_jdo/src/main/resources/archetype-resources/fixture/pom.xml
    example/archetype/simple_wicket_restful_jdo/src/main/resources/archetype-resources/integtests/pom.xml
    example/archetype/simple_wicket_restful_jdo/src/main/resources/archetype-resources/pom.xml
    example/archetype/simple_wicket_restful_jdo/src/main/resources/archetype-resources/webapp/pom.xml
    example/misc/metamodel/jsr303/pom.xml
    mothballed/bdd/common/pom.xml
    mothballed/bdd/concordion/pom.xml
    mothballed/bdd/pom.xml
    mothballed/bdd/tck/pom.xml
    mothballed/component/objectstore/sql/pom.xml
    mothballed/component/objectstore/sql/sql-impl/pom.xml
    mothballed/component/objectstore/sql/sql-tests-common/pom.xml
    mothballed/component/objectstore/sql/sql-tests-served/pom.xml
    mothballed/component/profilestore/sql/pom.xml
    mothballed/component/security/ldap/pom.xml
    mothballed/component/security/sql/pom.xml
    mothballed/component/viewer/html/impl/pom.xml
    mothballed/component/viewer/html/monitoring/pom.xml
    mothballed/component/viewer/html/pom.xml
    mothballed/component/viewer/html/tck/pom.xml
    mothballed/example/application/claims/dom/pom.xml
    mothballed/example/application/claims/fixture/pom.xml
    mothballed/example/application/claims/pom.xml
    mothballed/example/application/claims/viewer-bdd/pom.xml
    mothballed/example/application/claims/viewer-dnd/pom.xml
    mothballed/example/application/claims/viewer-scimpi/pom.xml
    mothballed/example/application/claims/viewer-wicket/pom.xml
    mothballed/example/application/quickstart_html_sql/dom/pom.xml
    mothballed/example/application/quickstart_html_sql/fixture/pom.xml
    mothballed/example/application/quickstart_html_sql/pom.xml
    mothballed/example/application/quickstart_html_sql/viewer-html/pom.xml
    mothballed/example/domain-service/email-service/pom.xml
    mothballed/misc/metamodel/namefile/pom.xml
    pom.xml
    tool/maven-plugin/pom.xml
https://api.github.com/repos/priyatam/spring-best-practices - priyatam_spring-best-practices - priyatam/spring-best-practices
    pom.xml
https://api.github.com/repos/timboudreau/nb-nodejs - timboudreau_nb-nodejs - timboudreau/nb-nodejs
    avatar-platform/pom.xml
    node-projects/pom.xml
    nodejs-api-stubs/pom.xml
    nodejs-code-completion/pom.xml
    pom.xml
https://api.github.com/repos/logstash/log4j-jsonevent-layout - logstash_log4j-jsonevent-layout - logstash/log4j-jsonevent-layout
    pom.xml
https://api.github.com/repos/jprante/elasticsearch-langdetect - jprante_elasticsearch-langdetect - jprante/elasticsearch-langdetect
    pom.xml
https://api.github.com/repos/roscopeco/ormdroid - roscopeco_ormdroid - roscopeco/ormdroid
    build.gradle
https://api.github.com/repos/svenlange/intellij-xtend-plugin - svenlange_intellij-xtend-plugin - svenlange/intellij-xtend-plugin
    No build files found!
https://api.github.com/repos/noroutine/tobacco-bootstrap - noroutine_tobacco-bootstrap - noroutine/tobacco-bootstrap
    pom.xml
    src/main/resources/archetype-resources/__rootArtifactId__-commons/pom.xml
    src/main/resources/archetype-resources/__rootArtifactId__-webapp/pom.xml
    src/main/resources/archetype-resources/pom.xml
https://api.github.com/repos/NiceSystems/hrider - NiceSystems_hrider - NiceSystems/hrider
    pom.xml
    updater/pom.xml
https://api.github.com/repos/demitsuri/smali2java - demitsuri_smali2java - demitsuri/smali2java
    smali2java/build.gradle
https://api.github.com/repos/sysdream/fino - sysdream_fino - sysdream/fino
    build.xml
https://api.github.com/repos/GoogleCloudPlatform/appengine-guestbook-java - GoogleCloudPlatform_appengine-guestbook-java - GoogleCloudPlatform/appengine-guestbook-java
    pom.xml
    build.gradle
https://api.github.com/repos/Igalia/libreplan - Igalia_libreplan - Igalia/libreplan
    ganttzk/pom.xml
    libreplan-business/pom.xml
    libreplan-webapp/pom.xml
    pom.xml
https://api.github.com/repos/cucumber/cucumber-eclipse - cucumber_cucumber-eclipse - cucumber/cucumber-eclipse
    pom.xml
Totalresults: 297
https://api.github.com/repos/bedatadriven/renjin - bedatadriven_renjin - bedatadriven/renjin
    appengine/pom.xml
    appl/pom.xml
    benchmarks/pom.xml
    cli/pom.xml
    core/pom.xml
    dist/deb/pom.xml
    dist/generic/pom.xml
    dist/webstart/pom.xml
    packages/datasets/pom.xml
    packages/grDevices/pom.xml
    packages/graphics/pom.xml
    packages/grid/pom.xml
    packages/hamcrest/pom.xml
    packages/methods/pom.xml
    packages/pom.xml
    packages/splines/pom.xml
    packages/stats/pom.xml
    packages/stats4/pom.xml
    packages/utils/pom.xml
    pom.xml
    repl/pom.xml
    script-engine/pom.xml
    studio/pom.xml
    tests/pom.xml
    tools/aether-package-loader/pom.xml
    tools/gcc-bridge-plugin/pom.xml
    tools/gcc-bridge/pom.xml
    tools/gcc-runtime/pom.xml
    tools/gnur-compiler/pom.xml
    tools/gnur-runtime/pom.xml
    tools/maven-plugin/pom.xml
    tools/pom.xml
https://api.github.com/repos/yixia/ZI - yixia_ZI - yixia/ZI
    build.gradle
    build.xml
https://api.github.com/repos/dbfit/dbfit - dbfit_dbfit - dbfit/dbfit
    build.gradle
    dbfit-java/build.gradle
https://api.github.com/repos/japgolly/svg-android - japgolly_svg-android - japgolly/svg-android
    pom.xml
https://api.github.com/repos/blackberry/BB10-WebWorks-Community-Samples - blackberry_BB10-WebWorks-Community-Samples - blackberry/BB10-WebWorks-Community-Samples
    Ant-Build-Script/build.xml
    Ant-Build-Script/tools/rhino1_7R3/build.xml
    Ant-Build-Script/tools/rhino1_7R3/deprecatedsrc/build.xml
    Ant-Build-Script/tools/rhino1_7R3/src/build.xml
    Ant-Build-Script/tools/rhino1_7R3/testsrc/build.xml
    Ant-Build-Script/tools/rhino1_7R3/toolsrc/build.xml
    Ant-Build-Script/tools/rhino1_7R3/toolsrc/org/mozilla/javascript/tools/debugger/build.xml
    Ant-Build-Script/tools/rhino1_7R3/xmlimplsrc/build.xml
    Ant-Cordova-Build-Script/build.xml
    Ant-Cordova-Build-Script/tools/rhino1_7R3/build.xml
    Ant-Cordova-Build-Script/tools/rhino1_7R3/deprecatedsrc/build.xml
    Ant-Cordova-Build-Script/tools/rhino1_7R3/src/build.xml
    Ant-Cordova-Build-Script/tools/rhino1_7R3/testsrc/build.xml
    Ant-Cordova-Build-Script/tools/rhino1_7R3/toolsrc/build.xml
    Ant-Cordova-Build-Script/tools/rhino1_7R3/toolsrc/org/mozilla/javascript/tools/debugger/build.xml
    Ant-Cordova-Build-Script/tools/rhino1_7R3/xmlimplsrc/build.xml
    Invoke-FileSystem-moimgur/build.xml
https://api.github.com/repos/coocood/VContentProvider - coocood_VContentProvider - coocood/VContentProvider
    No build files found!
https://api.github.com/repos/kijiproject/kiji-schema - kijiproject_kiji-schema - kijiproject/kiji-schema
    build-resources/pom.xml
    cdh41mr1-bridge/pom.xml
    cdh42mr1-bridge/pom.xml
    cdh5mr1-bridge/pom.xml
    hadoop1-hbase92-bridge/pom.xml
    hadoop1-hbase94-bridge/pom.xml
    kiji-schema-archetype/pom.xml
    kiji-schema-archetype/src/main/resources/archetype-resources/pom.xml
    kiji-schema-extras/pom.xml
    kiji-schema/pom.xml
    platform-api/pom.xml
    pom.xml
https://api.github.com/repos/jpatanooga/Metronome - jpatanooga_Metronome - jpatanooga/Metronome
    pom.xml
https://api.github.com/repos/vanZeben/2D-Game-Engine - vanZeben_2D-Game-Engine - vanZeben/2D-Game-Engine
    No build files found!
https://api.github.com/repos/Comcast/jrugged - Comcast_jrugged - Comcast/jrugged
    jrugged-aspects/pom.xml
    jrugged-core/pom.xml
    jrugged-examples/pom.xml
    jrugged-httpclient/pom.xml
    jrugged-spring/pom.xml
    pom.xml
https://api.github.com/repos/stripe/stripe-android - stripe_stripe-android - stripe/stripe-android
    build.gradle
    example/build.gradle
    stripe/build.gradle
https://api.github.com/repos/zenobase/geocluster-facet - zenobase_geocluster-facet - zenobase/geocluster-facet
    pom.xml
https://api.github.com/repos/datasalt/splout-db - datasalt_splout-db - datasalt/splout-db
    assembly/pom.xml
    pom.xml
    splout-commons/pom.xml
    splout-hadoop/pom.xml
    splout-javaclient/pom.xml
    splout-mysql/pom.xml
    splout-redis/pom.xml
    splout-resources/pom.xml
    splout-server/pom.xml
https://api.github.com/repos/JavaMoney/jsr354-api - JavaMoney_jsr354-api - JavaMoney/jsr354-api
    pom.xml
https://api.github.com/repos/Maluuba/napi-java - Maluuba_napi-java - Maluuba/napi-java
    pom.xml
https://api.github.com/repos/ArcBees/GWTP-Samples - ArcBees_GWTP-Samples - ArcBees/GWTP-Samples
    gwtp-samples/gwtp-sample-basic-spring/pom.xml
    gwtp-samples/gwtp-sample-basic/pom.xml
    gwtp-samples/gwtp-sample-crawler-service/pom.xml
    gwtp-samples/gwtp-sample-mobile/pom.xml
    gwtp-samples/gwtp-sample-nested/pom.xml
    gwtp-samples/gwtp-sample-tab/pom.xml
    gwtp-samples/pom.xml
https://api.github.com/repos/kennethreitz/heroku-elasticsearch - kennethreitz_heroku-elasticsearch - kennethreitz/heroku-elasticsearch
    pom.xml
https://api.github.com/repos/Yubico/ykneo-openpgp - Yubico_ykneo-openpgp - Yubico/ykneo-openpgp
    build.xml
https://api.github.com/repos/SpazeDog/mounts2sd - SpazeDog_mounts2sd - SpazeDog/mounts2sd
    No build files found!
https://api.github.com/repos/sonyxperiadev/XAppDbg - sonyxperiadev_XAppDbg - sonyxperiadev/XAppDbg
    No build files found!
https://api.github.com/repos/MutabilityDetector/MutabilityDetector - MutabilityDetector_MutabilityDetector - MutabilityDetector/MutabilityDetector
    pom.xml
https://api.github.com/repos/iainporter/rest-java - iainporter_rest-java - iainporter/rest-java
    build.gradle
https://api.github.com/repos/openmhealth/developer - openmhealth_developer - openmhealth/developer
    dsu/build.xml
https://api.github.com/repos/OpenNTF/SocialSDK - OpenNTF_SocialSDK - OpenNTF/SocialSDK
    assembly/pom.xml
    commons/pom.xml
    deps/pom.xml
    domino/pom.xml
    libraries/pom.xml
    osgi/pom.xml
    php/moodle-block/pom.xml
    php/php-core/pom.xml
    php/pom.xml
    php/wordpress-plugin/pom.xml
    pom.xml
    samples/domino/pom.xml
    samples/j2ee/acme/pom.xml
    samples/j2ee/pom.xml
    samples/j2ee/snippets/pom.xml
    samples/j2ee/templates/pom.xml
    samples/java/pom.xml
    samples/pom.xml
    sdk/pom.xml
https://api.github.com/repos/aliHafizji/Cheddar-Android - aliHafizji_Cheddar-Android - aliHafizji/Cheddar-Android
    build.xml
https://api.github.com/repos/AdilSoomro/Android-Speech-Bubble - AdilSoomro_Android-Speech-Bubble - AdilSoomro/Android-Speech-Bubble
    No build files found!
https://api.github.com/repos/doanduyhai/Achilles - doanduyhai_Achilles - doanduyhai/Achilles
    achilles-core/pom.xml
    achilles-embedded/pom.xml
    achilles-junit/pom.xml
    achilles-model/pom.xml
    integration-test/pom.xml
    pom.xml
https://api.github.com/repos/jmxtrans/embedded-jmxtrans - jmxtrans_embedded-jmxtrans - jmxtrans/embedded-jmxtrans
    pom.xml
https://api.github.com/repos/Omertron/api-themoviedb - Omertron_api-themoviedb - Omertron/api-themoviedb
    pom.xml
https://api.github.com/repos/alosdev/CustomersChoice - alosdev_CustomersChoice - alosdev/CustomersChoice
    library/pom.xml
    pom.xml
    sample/pom.xml
    library/build.xml
    sample/build.xml
https://api.github.com/repos/marschall/memoryfilesystem - marschall_memoryfilesystem - marschall/memoryfilesystem
    pom.xml
https://api.github.com/repos/falnatsheh/EcoGallery - falnatsheh_EcoGallery - falnatsheh/EcoGallery
    EcoGallerySample/build.xml
https://api.github.com/repos/stanfy/gson-xml - stanfy_gson-xml - stanfy/gson-xml
    build.gradle
https://api.github.com/repos/paulburton/fitscales - paulburton_fitscales - paulburton/fitscales
    No build files found!
https://api.github.com/repos/mastro/android-support-library-archive - mastro_android-support-library-archive - mastro/android-support-library-archive
    No build files found!
https://api.github.com/repos/yago-naga/aida - yago-naga_aida - yago-naga/aida
    pom.xml
https://api.github.com/repos/barchart/barchart-udt - barchart_barchart-udt - barchart/barchart-udt
    barchart-udt-archon/pom.xml
    barchart-udt-bundle/pom.xml
    barchart-udt-core-android-test/pom.xml
    barchart-udt-core-android/pom.xml
    barchart-udt-core/pom.xml
    barchart-udt-demo/pom.xml
    barchart-udt-it/barchart-udt-it-01-bundle/pom.xml
    barchart-udt-it/barchart-udt-it-02-bundle-test/pom.xml
    barchart-udt-it/pom.xml
    barchart-udt-netty3/pom.xml
    barchart-udt-netty4/pom.xml
    barchart-udt-reference-jdk6/pom.xml
    pom.xml
https://api.github.com/repos/gary-rowe/DropwizardOpenID - gary-rowe_DropwizardOpenID - gary-rowe/DropwizardOpenID
    pom.xml
https://api.github.com/repos/curioustechizen/android-app-pause - curioustechizen_android-app-pause - curioustechizen/android-app-pause
    No build files found!
https://api.github.com/repos/entertailion/Open-Launcher-for-GTV - entertailion_Open-Launcher-for-GTV - entertailion/Open-Launcher-for-GTV
    No build files found!
https://api.github.com/repos/olap4j/olap4j - olap4j_olap4j - olap4j/olap4j
    build.xml
    ivy-xml
    ivy.xml
https://api.github.com/repos/brunoborges/webfx - brunoborges_webfx - brunoborges/webfx
    webfx-component/pom.xml
    webfx-samples/pom.xml
    webfx-browser/build.xml
https://api.github.com/repos/kijiproject/kiji-bento - kijiproject_kiji-bento - kijiproject/kiji-bento
    bento-checkin/pom.xml
    kiji-bento/pom.xml
    pom.xml
https://api.github.com/repos/copygirl/BetterStorage - copygirl_BetterStorage - copygirl/BetterStorage
    build.gradle
https://api.github.com/repos/tananaev/traccar-web - tananaev_traccar-web - tananaev/traccar-web
    No build files found!
https://api.github.com/repos/theomega/ActivatedStateDemo - theomega_ActivatedStateDemo - theomega/ActivatedStateDemo
    No build files found!
https://api.github.com/repos/cloudera/hdfs-nfs-proxy - cloudera_hdfs-nfs-proxy - cloudera/hdfs-nfs-proxy
    pom.xml
https://api.github.com/repos/md-5/SpecialSource - md-5_SpecialSource - md-5/SpecialSource
    pom.xml
https://api.github.com/repos/NetEase/pomelo-androidclient - NetEase_pomelo-androidclient - NetEase/pomelo-androidclient
    build.xml
https://api.github.com/repos/msokolov/lux - msokolov_lux - msokolov/lux
    pom.xml
https://api.github.com/repos/digipost/android - digipost_android - digipost/android
    pom.xml
https://api.github.com/repos/tlrx/elasticsearch-view-plugin - tlrx_elasticsearch-view-plugin - tlrx/elasticsearch-view-plugin
    pom.xml
https://api.github.com/repos/yanzm/LoopViewPager - yanzm_LoopViewPager - yanzm/LoopViewPager
    No build files found!
https://api.github.com/repos/pebbleblog/pebble - pebbleblog_pebble - pebbleblog/pebble
    pom.xml
    build.xml
https://api.github.com/repos/Hurricaaane/MAtmos - Hurricaaane_MAtmos - Hurricaaane/MAtmos
    No build files found!
https://api.github.com/repos/ashokgelal/Tagsnap - ashokgelal_Tagsnap - ashokgelal/Tagsnap
    libs/ActionBarSherlock/pom.xml
    pom.xml
    build.xml
https://api.github.com/repos/DivineTraube/Orestes-Bloomfilter - DivineTraube_Orestes-Bloomfilter - DivineTraube/Orestes-Bloomfilter
    build.xml
https://api.github.com/repos/DoersGuild/Cordova-Android-Analytics - DoersGuild_Cordova-Android-Analytics - DoersGuild/Cordova-Android-Analytics
    No build files found!
https://api.github.com/repos/guokr/stan-cn-nlp - guokr_stan-cn-nlp - guokr/stan-cn-nlp
    pom.xml
https://api.github.com/repos/SquareSquash/java - SquareSquash_java - SquareSquash/java
    pom.xml
https://api.github.com/repos/spinscale/dropwizard-jobs - spinscale_dropwizard-jobs - spinscale/dropwizard-jobs
    dropwizard-jobs-core/pom.xml
    dropwizard-jobs-guice/pom.xml
    dropwizard-jobs-spring/pom.xml
    pom.xml
https://api.github.com/repos/Team254/FRC-2013 - Team254_FRC-2013 - Team254/FRC-2013
    build.xml
https://api.github.com/repos/cocoahero/android-gmaps-addons - cocoahero_android-gmaps-addons - cocoahero/android-gmaps-addons
    No build files found!
https://api.github.com/repos/pepedeab/libGDX-Net - pepedeab_libGDX-Net - pepedeab/libGDX-Net
    No build files found!
https://api.github.com/repos/koreader/kpvbooklet - koreader_kpvbooklet - koreader/kpvbooklet
    build.xml
https://api.github.com/repos/codahale/og - codahale_og - codahale/og
    pom.xml
https://api.github.com/repos/macdonst/TelephoneNumberPlugin - macdonst_TelephoneNumberPlugin - macdonst/TelephoneNumberPlugin
    No build files found!
https://api.github.com/repos/jaredstehler/dropwizard-quartz - jaredstehler_dropwizard-quartz - jaredstehler/dropwizard-quartz
    pom.xml
https://api.github.com/repos/strazzere/dehoser - strazzere_dehoser - strazzere/dehoser
    No build files found!
https://api.github.com/repos/ryantenney/passkit4j - ryantenney_passkit4j - ryantenney/passkit4j
    pom.xml
https://api.github.com/repos/FasterXML/TransiStore - FasterXML_TransiStore - FasterXML/TransiStore
    pom.xml
    ts-basic/pom.xml
    ts-client-ahc/pom.xml
    ts-client-jdk/pom.xml
    ts-client/pom.xml
    ts-commands/pom.xml
    ts-dropwizard/pom.xml
    ts-server/pom.xml
    ts-service/dependency-reduced-pom.xml
    ts-service/pom.xml
    ts-test-cluster/pom.xml
https://api.github.com/repos/amlcurran/Batcher - amlcurran_Batcher - amlcurran/Batcher
    library/build.xml
    sample/build.xml
https://api.github.com/repos/odnoklassniki/one-nio - odnoklassniki_one-nio - odnoklassniki/one-nio
    pom.xml
    build.xml
https://api.github.com/repos/darylteo/rxjava-promises - darylteo_rxjava-promises - darylteo/rxjava-promises
    build.gradle
    rxjava-promises/build.gradle
    rxjava-promises/rxjava-promises-core/build.gradle
    rxjava-promises/rxjava-promises-groovy/build.gradle
    vertx-promises/build.gradle
    vertx-promises/vertx-promises-groovy/build.gradle
    vertx-promises/vertx-promises-java/build.gradle
https://api.github.com/repos/watermint/SourceColon - watermint_SourceColon - watermint/SourceColon
    build.gradle
https://api.github.com/repos/R4md4c/AndroidRotaryWheelView - R4md4c_AndroidRotaryWheelView - R4md4c/AndroidRotaryWheelView
    No build files found!
https://api.github.com/repos/javanna/elasticsearch-river-solr - javanna_elasticsearch-river-solr - javanna/elasticsearch-river-solr
    pom.xml
https://api.github.com/repos/nmorel/gflot - nmorel_gflot - nmorel/gflot
    examples/pom.xml
    gflot/pom.xml
    pom.xml
https://api.github.com/repos/dianping/taurus - dianping_taurus - dianping/taurus
    pom.xml
    taurus-agent/pom.xml
    taurus-core/pom.xml
    taurus-frontend/pom.xml
    taurus-restlet/pom.xml
    taurus-zookeeper-helper/pom.xml
https://api.github.com/repos/RubenVerborgh/Refine-NER-Extension - RubenVerborgh_Refine-NER-Extension - RubenVerborgh/Refine-NER-Extension
    build.xml
https://api.github.com/repos/webjars/webjars-locator - webjars_webjars-locator - webjars/webjars-locator
    pom.xml
https://api.github.com/repos/yono38/LeapMotion-FruitNinja - yono38_LeapMotion-FruitNinja - yono38/LeapMotion-FruitNinja
    No build files found!
https://api.github.com/repos/ponxu/run - ponxu_run - ponxu/run
    pom.xml
https://api.github.com/repos/teddscofield/teddsdroidtools - teddscofield_teddsdroidtools - teddscofield/teddsdroidtools
    No build files found!
https://api.github.com/repos/qhm123/POI-Android - qhm123_POI-Android - qhm123/POI-Android
    pptx/build.xml
https://api.github.com/repos/Xephi/AuthMeReloaded - Xephi_AuthMeReloaded - Xephi/AuthMeReloaded
    No build files found!
https://api.github.com/repos/davidsowerby/v7 - davidsowerby_v7 - davidsowerby/v7
    V7/build.gradle
    build.gradle
    demo/build.gradle
    orient/build.gradle
    quartz/build.gradle
    testApp/build.gradle
    testUtil/build.gradle
    testbench/build.gradle
    views/build.gradle
https://api.github.com/repos/lagodiuk/evo-neural-network-agents - lagodiuk_evo-neural-network-agents - lagodiuk/evo-neural-network-agents
    pom.xml
https://api.github.com/repos/astamuse/asta4d - astamuse_asta4d - astamuse/asta4d
    asta4d-archetype-prototype/pom.xml
    asta4d-archetype/pom.xml
    asta4d-core/pom.xml
    asta4d-doc/pom.xml
    asta4d-sample/pom.xml
    asta4d-spring/pom.xml
    asta4d-web/pom.xml
    pom.xml
https://api.github.com/repos/aginsun/Journey-of-Legends - aginsun_Journey-of-Legends - aginsun/Journey-of-Legends
    No build files found!
https://api.github.com/repos/exo-addons/chat-application - exo-addons_chat-application - exo-addons/chat-application
    application/pom.xml
    exo-addons-chat-extension-community/pom.xml
    exo-addons-chat-extension-config-community/pom.xml
    exo-addons-chat-extension-config/pom.xml
    exo-addons-chat-extension-pkg-community/pom.xml
    exo-addons-chat-extension-pkg/pom.xml
    exo-addons-chat-extension/pom.xml
    pom.xml
    server-standalone/pom.xml
    server/pom.xml
https://api.github.com/repos/tenderowls/haxemojos - tenderowls_haxemojos - tenderowls/haxemojos
    pom.xml
https://api.github.com/repos/TheLadders/solid-exercises - TheLadders_solid-exercises - TheLadders/solid-exercises
    The-Dependency-Inversion-Principle/java/pom.xml
    The-Interface-Segregation-Principle/java/pom.xml
    The-Liskov-Substitution-Principle/java/pom.xml
    The-Open-Closed-Principle/java/pom.xml
    The-Single-Responsibility-Principle/java/pom.xml
https://api.github.com/repos/macdonst/AppPreferences - macdonst_AppPreferences - macdonst/AppPreferences
    No build files found!
https://api.github.com/repos/ExtrabiomesXL/EbXL4 - ExtrabiomesXL_EbXL4 - ExtrabiomesXL/EbXL4
    No build files found!
https://api.github.com/repos/toedter/e4-tutorial - toedter_e4-tutorial - toedter/e4-tutorial
    No build files found!
https://api.github.com/repos/openshift/origin-community-cartridges - openshift_origin-community-cartridges - openshift/origin-community-cartridges
    openshift-origin-cartridge-jbossrhq-4/template/pom.xml
    openshift-origin-cartridge-tomcat/template/pom.xml
https://api.github.com/repos/alkemist/gradle-test-kit - alkemist_gradle-test-kit - alkemist/gradle-test-kit
    build.gradle
https://api.github.com/repos/radsz/jacop - radsz_jacop - radsz/jacop
    pom.xml
https://api.github.com/repos/stefanjauker/BadgeView - stefanjauker_BadgeView - stefanjauker/BadgeView
    No build files found!
Totalresults: 297
https://api.github.com/repos/einvalentin/buildwatch - einvalentin_buildwatch - einvalentin/buildwatch
    3rdParty/SmartExtensionAPI/build.xml
    3rdParty/SmartExtensionUtils/build.xml
    build.xml
https://api.github.com/repos/spring-projects/spring-test-mvc-htmlunit - spring-projects_spring-test-mvc-htmlunit - spring-projects/spring-test-mvc-htmlunit
    build.gradle
https://api.github.com/repos/Sable/heros - Sable_heros - Sable/heros
    build.xml
https://api.github.com/repos/steveliles/jetty-embedded-spring-mvc-noxml - steveliles_jetty-embedded-spring-mvc-noxml - steveliles/jetty-embedded-spring-mvc-noxml
    pom.xml
https://api.github.com/repos/devunwired/textdrawable - devunwired_textdrawable - devunwired/textdrawable
    No build files found!
https://api.github.com/repos/openml/OpenML - openml_OpenML - openml/OpenML
    OpenML_Util/build.xml
    metafeatures/build.xml
https://api.github.com/repos/macdonst/TTS - macdonst_TTS - macdonst/TTS
    No build files found!
https://api.github.com/repos/mspsim/mspsim - mspsim_mspsim - mspsim/mspsim
    build.xml
https://api.github.com/repos/emsixteeen/IterativeReduce - emsixteeen_IterativeReduce - emsixteeen/IterativeReduce
    pom.xml
https://api.github.com/repos/twitter/bookkeeper - twitter_bookkeeper - twitter/bookkeeper
    bookkeeper-benchmark/pom.xml
    bookkeeper-server/pom.xml
    compat-deps/pom.xml
    hedwig-client/pom.xml
    hedwig-protocol/pom.xml
    hedwig-server/pom.xml
    pom.xml
https://api.github.com/repos/yole/comparisonChainGen - yole_comparisonChainGen - yole/comparisonChainGen
    No build files found!
https://api.github.com/repos/edgeframework/edge - edgeframework_edge - edgeframework/edge
    build.gradle
    edge-controllers/build.gradle
    edge-routematcher/build.gradle
    edge-testutils/build.gradle
https://api.github.com/repos/chenyoca/async-http-connection - chenyoca_async-http-connection - chenyoca/async-http-connection
    No build files found!
https://api.github.com/repos/dirkmoors/MqttService - dirkmoors_MqttService - dirkmoors/MqttService
    No build files found!
https://api.github.com/repos/jesperborgstrup/buzzingandroid - jesperborgstrup_buzzingandroid - jesperborgstrup/buzzingandroid
    No build files found!
https://api.github.com/repos/eschabell/brms-coolstore-demo - eschabell_brms-coolstore-demo - eschabell/brms-coolstore-demo
    projects/brms-coolstore-demo/pom.xml
https://api.github.com/repos/flowersinthesand/portal-java - flowersinthesand_portal-java - flowersinthesand/portal-java
    pom.xml
    portal-testsuite/pom.xml
    portal/pom.xml
https://api.github.com/repos/levkhomich/semargl - levkhomich_semargl - levkhomich/semargl
    core/pom.xml
    examples/pom.xml
    integration/clerezza/pom.xml
    integration/jena/pom.xml
    integration/pom.xml
    integration/sesame/pom.xml
    jsonld/pom.xml
    pom.xml
    rdf/pom.xml
    rdfa/pom.xml
https://api.github.com/repos/jonasoreland/runnerup - jonasoreland_runnerup - jonasoreland/runnerup
    No build files found!
https://api.github.com/repos/nitsanw/java-ping - nitsanw_java-ping - nitsanw/java-ping
    build.xml
https://api.github.com/repos/thehung111/ContactListView - thehung111_ContactListView - thehung111/ContactListView
    No build files found!
https://api.github.com/repos/peter-lawrey/Performance-Examples - peter-lawrey_Performance-Examples - peter-lawrey/Performance-Examples
    pom.xml
https://api.github.com/repos/olore/LocalNotifications - olore_LocalNotifications - olore/LocalNotifications
    No build files found!
https://api.github.com/repos/djangofan/WebDriverTestingTemplate - djangofan_WebDriverTestingTemplate - djangofan/WebDriverTestingTemplate
    build.gradle
    commonlib/build.gradle
    google/build.gradle
    parallelwebdriver/build.gradle
https://api.github.com/repos/OpenWatch/OpenWatch-Android - OpenWatch_OpenWatch-Android - OpenWatch/OpenWatch-Android
    app/OpenWatch/build.gradle
    libraries/google-play-services_lib/build.gradle
https://api.github.com/repos/davidjgonzalez/com - davidjgonzalez_com - davidjgonzalez/com
    No build files found!
https://api.github.com/repos/angryelectron/libgphoto2-jna - angryelectron_libgphoto2-jna - angryelectron/libgphoto2-jna
    build.xml
    examples/camdate/build.xml
    examples/capture/build.xml
https://api.github.com/repos/mbosecke/pebble - mbosecke_pebble - mbosecke/pebble
    pom.xml
https://api.github.com/repos/anjuke/hwi - anjuke_hwi - anjuke/hwi
    pom.xml
https://api.github.com/repos/ukwa/webarchive-explorer - ukwa_webarchive-explorer - ukwa/webarchive-explorer
    pom.xml
    warc-explorer-app/pom.xml
    warc-explorer-dist/pom.xml
    warc-explorer-player/pom.xml
    warc-explorer-wayback/pom.xml
    warc-explorer-app/build.xml
https://api.github.com/repos/ThreeTen/threeten-extra - ThreeTen_threeten-extra - ThreeTen/threeten-extra
    pom.xml
https://api.github.com/repos/lobid/lodmill - lobid_lodmill - lobid/lodmill
    lodmill-ld/pom.xml
    lodmill-rd/pom.xml
    pom.xml
https://api.github.com/repos/schaloner/deadbolt-2-java - schaloner_deadbolt-2-java - schaloner/deadbolt-2-java
    No build files found!
https://api.github.com/repos/addthis/metrics-reporter-config - addthis_metrics-reporter-config - addthis/metrics-reporter-config
    pom.xml
https://api.github.com/repos/Appverse/appverse-web - Appverse_appverse-web - Appverse/appverse-web
    framework/archetypes/gwt-eclipselink/pom.xml
    framework/archetypes/gwt-eclipselink/src/main/resources/archetype-resources/__rootArtifactId__-backend/pom.xml
    framework/archetypes/gwt-eclipselink/src/main/resources/archetype-resources/__rootArtifactId__-gwtfrontend/pom.xml
    framework/archetypes/gwt-eclipselink/src/main/resources/archetype-resources/__rootArtifactId__-gwtshared/pom.xml
    framework/archetypes/gwt-eclipselink/src/main/resources/archetype-resources/pom.xml
    framework/archetypes/gwt-hibernate/pom.xml
    framework/archetypes/gwt-hibernate/src/main/resources/archetype-resources/__rootArtifactId__-backend/pom.xml
    framework/archetypes/gwt-hibernate/src/main/resources/archetype-resources/__rootArtifactId__-gwtfrontend/pom.xml
    framework/archetypes/gwt-hibernate/src/main/resources/archetype-resources/__rootArtifactId__-gwtshared/pom.xml
    framework/archetypes/gwt-hibernate/src/main/resources/archetype-resources/pom.xml
    framework/archetypes/jsf2/pom.xml
    framework/archetypes/jsf2/src/main/resources/archetype-resources/pom.xml
    framework/archetypes/pom.xml
    framework/modules/backend/aspect/pom.xml
    framework/modules/backend/batch/pom.xml
    framework/modules/backend/core/api/pom.xml
    framework/modules/backend/core/cache/pom.xml
    framework/modules/backend/core/persistence/eclipselink/pom.xml
    framework/modules/backend/core/persistence/hibernate/pom.xml
    framework/modules/backend/core/persistence/jpacore/pom.xml
    framework/modules/backend/core/persistence/pom.xml
    framework/modules/backend/core/pom.xml
    framework/modules/backend/core/rest/pom.xml
    framework/modules/backend/core/ws/pom.xml
    framework/modules/backend/front-facade/gwt/pom.xml
    framework/modules/backend/front-facade/json/pom.xml
    framework/modules/backend/front-facade/pom.xml
    framework/modules/backend/front-facade/rest/pom.xml
    framework/modules/backend/messaging/pom.xml
    framework/modules/backend/pom.xml
    framework/modules/backend/reporting/pom.xml
    framework/modules/backend/security/oauth2/pom.xml
    framework/modules/backend/security/pom.xml
    framework/modules/frontend/gwt/api/pom.xml
    framework/modules/frontend/gwt/pom.xml
    framework/modules/frontend/gwt/theme/pom.xml
    framework/modules/frontend/pom.xml
    framework/modules/pom.xml
    framework/pom.xml
https://api.github.com/repos/krasa/GrepConsole - krasa_GrepConsole - krasa/GrepConsole
    No build files found!
https://api.github.com/repos/jadler-mocking/jadler - jadler-mocking_jadler - jadler-mocking/jadler
    jadler-all/pom.xml
    jadler-core/pom.xml
    jadler-jetty/pom.xml
    pom.xml
https://api.github.com/repos/michal-harish/kafka-hadoop-loader - michal-harish_kafka-hadoop-loader - michal-harish/kafka-hadoop-loader
    pom.xml
https://api.github.com/repos/jenkinsci/build-failure-analyzer-plugin - jenkinsci_build-failure-analyzer-plugin - jenkinsci/build-failure-analyzer-plugin
    pom.xml
https://api.github.com/repos/CompendiumNG/CompendiumNG - CompendiumNG_CompendiumNG - CompendiumNG/CompendiumNG
    pom.xml
https://api.github.com/repos/gini/dropwizard-gelf - gini_dropwizard-gelf - gini/dropwizard-gelf
    pom.xml
https://api.github.com/repos/shuji/practice-junit - shuji_practice-junit - shuji/practice-junit
    cucumber-poker/pom.xml
    database-test/pom.xml
    junit-examples/pom.xml
    junit-exercises/pom.xml
    tdd-calculator/pom.xml
https://api.github.com/repos/NetEase/pomelo-androidchat - NetEase_pomelo-androidchat - NetEase/pomelo-androidchat
    No build files found!
https://api.github.com/repos/cloudera/mapreduce-tutorial - cloudera_mapreduce-tutorial - cloudera/mapreduce-tutorial
    pom.xml
https://api.github.com/repos/osmandapp/OsmAnd-tools - osmandapp_OsmAnd-tools - osmandapp/OsmAnd-tools
    OsmAndMapCreator/build.xml
https://api.github.com/repos/cloudfoundry/login-server - cloudfoundry_login-server - cloudfoundry/login-server
    doc-server/pom.xml
    login-server-common/pom.xml
    login-server-integration-tests/pom.xml
    login-server/pom.xml
    pom.xml
https://api.github.com/repos/MinecraftForge/Srg2Source - MinecraftForge_Srg2Source - MinecraftForge/Srg2Source
    build.gradle
https://api.github.com/repos/apps4av/avare - apps4av_avare - apps4av/avare
    No build files found!
https://api.github.com/repos/Xhamolk/XACT - Xhamolk_XACT - Xhamolk/XACT
    build.xml
https://api.github.com/repos/jschmid/AndroidOnFire - jschmid_AndroidOnFire - jschmid/AndroidOnFire
    No build files found!
https://api.github.com/repos/dengbo/android_12306 - dengbo_android_12306 - dengbo/android_12306
    No build files found!
https://api.github.com/repos/OndraZizka/jboss-migration - OndraZizka_jboss-migration - OndraZizka/jboss-migration
    common/pom.xml
    engine/pom.xml
    pom.xml
    recognizers/EAP5/pom.xml
    recognizers/pom.xml
    rules/pom.xml
https://api.github.com/repos/uklimaschewski/EvalEx - uklimaschewski_EvalEx - uklimaschewski/EvalEx
    No build files found!
https://api.github.com/repos/MetaServe/Satoshis - MetaServe_Satoshis - MetaServe/Satoshis
    pom.xml
https://api.github.com/repos/PE-INTERNATIONAL/shiro-jersey - PE-INTERNATIONAL_shiro-jersey - PE-INTERNATIONAL/shiro-jersey
    jersey-sample/pom.xml
    jersey/pom.xml
    pom.xml
https://api.github.com/repos/goldshtn/wams-android - goldshtn_wams-android - goldshtn/wams-android
    No build files found!
https://api.github.com/repos/dailycred/dynamonito - dailycred_dynamonito - dailycred/dynamonito
    pom.xml
https://api.github.com/repos/FacePlusPlus/facepp-java-sdk - FacePlusPlus_facepp-java-sdk - FacePlusPlus/facepp-java-sdk
    No build files found!
https://api.github.com/repos/MichaelEvans/AnyPic-Android - MichaelEvans_AnyPic-Android - MichaelEvans/AnyPic-Android
    No build files found!
https://api.github.com/repos/deegree/deegree3 - deegree_deegree3 - deegree/deegree3
    deegree-client/deegree-jsf-console/pom.xml
    deegree-client/deegree-jsf-core/pom.xml
    deegree-client/deegree-wps-webclient/pom.xml
    deegree-client/deegree-wpsprinter-webclient/pom.xml
    deegree-client/pom.xml
    deegree-core/deegree-core-3d/pom.xml
    deegree-core/deegree-core-annotations/pom.xml
    deegree-core/deegree-core-base/pom.xml
    deegree-core/deegree-core-commons/pom.xml
    deegree-core/deegree-core-coverage/pom.xml
    deegree-core/deegree-core-cs/pom.xml
    deegree-core/deegree-core-db/pom.xml
    deegree-core/deegree-core-feature/pom.xml
    deegree-core/deegree-core-featureinfo/pom.xml
    deegree-core/deegree-core-filter/pom.xml
    deegree-core/deegree-core-filterfunctions/pom.xml
    deegree-core/deegree-core-geometry/pom.xml
    deegree-core/deegree-core-layer/pom.xml
    deegree-core/deegree-core-metadata/pom.xml
    deegree-core/deegree-core-protocol/deegree-protocol-commons/pom.xml
    deegree-core/deegree-core-protocol/deegree-protocol-csw/pom.xml
    deegree-core/deegree-core-protocol/deegree-protocol-wfs/pom.xml
    deegree-core/deegree-core-protocol/deegree-protocol-wms/pom.xml
    deegree-core/deegree-core-protocol/deegree-protocol-wmts/pom.xml
    deegree-core/deegree-core-protocol/pom.xml
    deegree-core/deegree-core-remoteows/deegree-remoteows-commons/pom.xml
    deegree-core/deegree-core-remoteows/deegree-remoteows-wfs/pom.xml
    deegree-core/deegree-core-remoteows/deegree-remoteows-wms/pom.xml
    deegree-core/deegree-core-remoteows/deegree-remoteows-wmts/pom.xml
    deegree-core/deegree-core-remoteows/pom.xml
    deegree-core/deegree-core-rendering-2d/pom.xml
    deegree-core/deegree-core-sqldialect/deegree-sqldialect-commons/pom.xml
    deegree-core/deegree-core-sqldialect/deegree-sqldialect-mssql/pom.xml
    deegree-core/deegree-core-sqldialect/deegree-sqldialect-oracle/pom.xml
    deegree-core/deegree-core-sqldialect/deegree-sqldialect-postgis/pom.xml
    deegree-core/deegree-core-sqldialect/pom.xml
    deegree-core/deegree-core-style/pom.xml
    deegree-core/deegree-core-theme/pom.xml
    deegree-core/deegree-core-tile/pom.xml
    deegree-core/deegree-core-time/pom.xml
    deegree-core/deegree-core-workspace/pom.xml
    deegree-core/pom.xml
    deegree-datastores/deegree-featurestores/deegree-featurestore-commons/pom.xml
    deegree-datastores/deegree-featurestores/deegree-featurestore-memory/pom.xml
    deegree-datastores/deegree-featurestores/deegree-featurestore-remotewfs/pom.xml
    deegree-datastores/deegree-featurestores/deegree-featurestore-shape/pom.xml
    deegree-datastores/deegree-featurestores/deegree-featurestore-simplesql/pom.xml
    deegree-datastores/deegree-featurestores/deegree-featurestore-sql/pom.xml
    deegree-datastores/deegree-featurestores/pom.xml
    deegree-datastores/deegree-mdstores/deegree-mdstore-commons/pom.xml
    deegree-datastores/deegree-mdstores/deegree-mdstore-ebrim-eo/pom.xml
    deegree-datastores/deegree-mdstores/deegree-mdstore-iso-memory/pom.xml
    deegree-datastores/deegree-mdstores/deegree-mdstore-iso/pom.xml
    deegree-datastores/deegree-mdstores/pom.xml
    deegree-datastores/deegree-tilestores/deegree-tilestore-cache/pom.xml
    deegree-datastores/deegree-tilestores/deegree-tilestore-commons/pom.xml
    deegree-datastores/deegree-tilestores/deegree-tilestore-filesystem/pom.xml
    deegree-datastores/deegree-tilestores/deegree-tilestore-geotiff/pom.xml
    deegree-datastores/deegree-tilestores/deegree-tilestore-remotewms/pom.xml
    deegree-datastores/deegree-tilestores/deegree-tilestore-remotewmts/pom.xml
    deegree-datastores/deegree-tilestores/pom.xml
    deegree-datastores/pom.xml
    deegree-layers/deegree-layers-coverage/pom.xml
    deegree-layers/deegree-layers-feature/pom.xml
    deegree-layers/deegree-layers-remotewms/pom.xml
    deegree-layers/deegree-layers-tile/pom.xml
    deegree-layers/pom.xml
    deegree-misc/deegree-javacheck/pom.xml
    deegree-misc/deegree-tomcat/pom.xml
    deegree-misc/pom.xml
    deegree-processproviders/deegree-processprovider-example/pom.xml
    deegree-processproviders/deegree-processprovider-jrxml/pom.xml
    deegree-processproviders/deegree-processprovider-style/pom.xml
    deegree-processproviders/pom.xml
    deegree-services/deegree-services-commons/pom.xml
    deegree-services/deegree-services-config/pom.xml
    deegree-services/deegree-services-csw/pom.xml
    deegree-services/deegree-services-wcs/pom.xml
    deegree-services/deegree-services-wfs/pom.xml
    deegree-services/deegree-services-wms/pom.xml
    deegree-services/deegree-services-wmts/pom.xml
    deegree-services/deegree-services-wps/pom.xml
    deegree-services/deegree-services-wpvs/pom.xml
    deegree-services/deegree-webservices-handbook/pom.xml
    deegree-services/deegree-webservices-handbook/src/main/sphinx/xml/java_processprovider_pom.xml
    deegree-services/deegree-webservices/pom.xml
    deegree-services/pom.xml
    deegree-spring/pom.xml
    deegree-tests/deegree-compliance-tests/pom.xml
    deegree-tests/deegree-csw-bkg/pom.xml
    deegree-tests/deegree-resource-deps-tests/pom.xml
    deegree-tests/deegree-wms-remoteows-tests/pom.xml
    deegree-tests/deegree-wms-similarity-tests/pom.xml
    deegree-tests/deegree-wms-tiling-tests/pom.xml
    deegree-tests/deegree-wmts-tests/pom.xml
    deegree-tests/deegree-workspace-tests/pom.xml
    deegree-tests/pom.xml
    deegree-themes/deegree-themes-remotewms/pom.xml
    deegree-themes/pom.xml
    deegree-tools/deegree-tools-3d/pom.xml
    deegree-tools/deegree-tools-alkis/pom.xml
    deegree-tools/deegree-tools-base/pom.xml
    deegree-tools/deegree-tools-migration/pom.xml
    deegree-tools/pom.xml
    deegree-workspaces/deegree-workspace-aixm/pom.xml
    deegree-workspaces/deegree-workspace-alkis/pom.xml
    deegree-workspaces/deegree-workspace-compliance-tests/pom.xml
    deegree-workspaces/deegree-workspace-csw-memory-tests/pom.xml
    deegree-workspaces/deegree-workspace-csw-tests/pom.xml
    deegree-workspaces/deegree-workspace-csw/pom.xml
    deegree-workspaces/deegree-workspace-geosciml/pom.xml
    deegree-workspaces/deegree-workspace-inspire/pom.xml
    deegree-workspaces/deegree-workspace-osm/pom.xml
    deegree-workspaces/deegree-workspace-utah/pom.xml
    deegree-workspaces/deegree-workspace-wcts/pom.xml
    deegree-workspaces/deegree-workspace-wps-jrxml/pom.xml
    deegree-workspaces/deegree-workspace-wps/pom.xml
    deegree-workspaces/deegree-workspace-wpvs/pom.xml
    deegree-workspaces/deegree-workspace-xplan40/pom.xml
    deegree-workspaces/pom.xml
    pom.xml
    uncoupled/deegree-ogcschemas/pom.xml
    deegree-misc/deegree-tomcat/src/main/resources/webapps/ROOT/build.xml
    deegree-misc/deegree-tomcat/src/main/resources/webapps/docs/appdev/build.xml
    deegree-misc/deegree-tomcat/src/main/resources/webapps/docs/appdev/sample/build.xml
https://api.github.com/repos/guardianproject/PixelKnot - guardianproject_PixelKnot - guardianproject/PixelKnot
    No build files found!
https://api.github.com/repos/balanced/balanced-java - balanced_balanced-java - balanced/balanced-java
    pom.xml
https://api.github.com/repos/kijiproject/kiji-mapreduce - kijiproject_kiji-mapreduce - kijiproject/kiji-mapreduce
    build-resources/pom.xml
    cdh4mr1-bridge/pom.xml
    dist/pom.xml
    hadoop1-bridge/pom.xml
    kiji-mapreduce-archetype/pom.xml
    kiji-mapreduce-archetype/src/main/resources/archetype-resources/pom.xml
    kiji-mapreduce/pom.xml
    mr-hadoop1x/pom.xml
    platform-api/pom.xml
    pom.xml
https://api.github.com/repos/Damao/Yabo - Damao_Yabo - Damao/Yabo
    No build files found!
https://api.github.com/repos/medcl/elasticsearch-analysis-string2int - medcl_elasticsearch-analysis-string2int - medcl/elasticsearch-analysis-string2int
    pom.xml
https://api.github.com/repos/paypal/sdk-core-java - paypal_sdk-core-java - paypal/sdk-core-java
    pom.xml
https://api.github.com/repos/EaseTech/easytest-core - EaseTech_easytest-core - EaseTech/easytest-core
    pom.xml
https://api.github.com/repos/mstahv/v-leaflet - mstahv_v-leaflet - mstahv/v-leaflet
    pom.xml
https://api.github.com/repos/awslabs/java-meme-generator-sample - awslabs_java-meme-generator-sample - awslabs/java-meme-generator-sample
    No build files found!
https://api.github.com/repos/couchbaselabs/spring-data-couchbase - couchbaselabs_spring-data-couchbase - couchbaselabs/spring-data-couchbase
    pom.xml
https://api.github.com/repos/TraxNet/ShadingZen - TraxNet_ShadingZen - TraxNet/ShadingZen
    examples/animations2d/pom.xml
    examples/helloWorld/pom.xml
    examples/pom.xml
    library/pom.xml
    pom.xml
    tests/application-it/pom.xml
    tests/application/pom.xml
    tests/pom.xml
https://api.github.com/repos/mwrlabs/drozer-agent - mwrlabs_drozer-agent - mwrlabs/drozer-agent
    build.xml
https://api.github.com/repos/lawrence0819/spring-webmvc-rythm - lawrence0819_spring-webmvc-rythm - lawrence0819/spring-webmvc-rythm
    pom.xml
https://api.github.com/repos/spsn/blocky - spsn_blocky - spsn/blocky
    No build files found!
https://api.github.com/repos/nchovy/kraken - nchovy_kraken - nchovy/kraken
    No build files found!
https://api.github.com/repos/artem-zinnatullin/Android-AsyncTask-Executor - artem-zinnatullin_Android-AsyncTask-Executor - artem-zinnatullin/Android-AsyncTask-Executor
    AsyncTaskExecutor/build.gradle
    build.gradle
https://api.github.com/repos/xysec/AFEServer - xysec_AFEServer - xysec/AFEServer
    No build files found!
https://api.github.com/repos/shokai/ArduinoFirmata-Android - shokai_ArduinoFirmata-Android - shokai/ArduinoFirmata-Android
    No build files found!
https://api.github.com/repos/pmlopes/mod-bson-io - pmlopes_mod-bson-io - pmlopes/mod-bson-io
    build.gradle
https://api.github.com/repos/searchisko/elasticsearch-river-sysinfo - searchisko_elasticsearch-river-sysinfo - searchisko/elasticsearch-river-sysinfo
    pom.xml
https://api.github.com/repos/ashkrit/blog - ashkrit_blog - ashkrit/blog
    samples/pom.xml
    samples/target/classes/META-INF/maven/blog/samples/pom.xml
https://api.github.com/repos/ArcBees/ArcBees-GQuery-Plugins - ArcBees_ArcBees-GQuery-Plugins - ArcBees/ArcBees-GQuery-Plugins
    pom.xml
    tooltip-sample/pom.xml
    tooltip/pom.xml
https://api.github.com/repos/yogpstop/QuarryPlus - yogpstop_QuarryPlus - yogpstop/QuarryPlus
    No build files found!
https://api.github.com/repos/swapnildipankar/java_jersey_spring_hibernate_maven - swapnildipankar_java_jersey_spring_hibernate_maven - swapnildipankar/java_jersey_spring_hibernate_maven
    pom.xml
https://api.github.com/repos/laco0416/SmileEssence-Lite - laco0416_SmileEssence-Lite - laco0416/SmileEssence-Lite
    No build files found!
https://api.github.com/repos/camunda/camunda-bpm-assert - camunda_camunda-bpm-assert - camunda/camunda-bpm-assert
    camunda-bpm-assert-examples/pom.xml
    camunda-bpm-assert/pom.xml
    pom.xml
https://api.github.com/repos/uklance/tapestry-stitch - uklance_tapestry-stitch - uklance/tapestry-stitch
    pom.xml
https://api.github.com/repos/SvenEwald/xmlbeam - SvenEwald_xmlbeam - SvenEwald/xmlbeam
    pom.xml
    src/test/java/org/xmlbeam/tutorial/e04_maven/pom.xml
https://api.github.com/repos/jasonish/jetty-springmvc-jsp-template - jasonish_jetty-springmvc-jsp-template - jasonish/jetty-springmvc-jsp-template
    pom.xml
https://api.github.com/repos/OvercastNetwork/Tracker - OvercastNetwork_Tracker - OvercastNetwork/Tracker
    pom.xml
https://api.github.com/repos/roscopeco/deelang - roscopeco_deelang - roscopeco/deelang
    build.xml
https://api.github.com/repos/stuartjmoore/Google-Voice-Messenger - stuartjmoore_Google-Voice-Messenger - stuartjmoore/Google-Voice-Messenger
    No build files found!
https://api.github.com/repos/joel-costigliola/fest-joda-time-assert - joel-costigliola_fest-joda-time-assert - joel-costigliola/fest-joda-time-assert
    pom.xml
https://api.github.com/repos/emanonwzy/v2ex - emanonwzy_v2ex - emanonwzy/v2ex
    No build files found!
https://api.github.com/repos/InfinitumFramework/Infinitum-Core - InfinitumFramework_Infinitum-Core - InfinitumFramework/Infinitum-Core
    pom.xml
https://api.github.com/repos/nuroko/nurokore - nuroko_nurokore - nuroko/nurokore
    pom.xml
https://api.github.com/repos/cloudera/sentry - cloudera_sentry - cloudera/sentry
    pom.xml
    sentry-binding/pom.xml
    sentry-binding/sentry-binding-hive/pom.xml
    sentry-core/pom.xml
    sentry-dist/pom.xml
    sentry-provider/pom.xml
    sentry-provider/sentry-provider-file/pom.xml
    sentry-tests/pom.xml
URLS processed: 297
