Totalresults: 484
https://api.github.com/repos/Bearded-Hen/Android-Bootstrap - Bearded-Hen_Android-Bootstrap - Bearded-Hen/Android-Bootstrap
    AndroidBootstrap/build.gradle
    AndroidBootstrapTest/build.gradle
    build.gradle
https://api.github.com/repos/etsy/AndroidStaggeredGrid - etsy_AndroidStaggeredGrid - etsy/AndroidStaggeredGrid
    build.gradle
    library/build.gradle
    sample/build.gradle
https://api.github.com/repos/gabrielemariotti/cardslib - gabrielemariotti_cardslib - gabrielemariotti/cardslib
    build.gradle
    demo/extras/build.gradle
    demo/stock/build.gradle
    library-extra/build.gradle
    library/build.gradle
https://api.github.com/repos/yinwang0/pysonar2 - yinwang0_pysonar2 - yinwang0/pysonar2
    pom.xml
https://api.github.com/repos/Comcast/FreeFlow - Comcast_FreeFlow - Comcast/FreeFlow
    FreeFlow/build.gradle
    build.gradle
    examples/Artbook/build.gradle
    examples/PhotoGrid/build.gradle
    FreeFlow/build.xml
    FreeFlowTests/build.xml
    FreeFlowTestsStub/build.xml
    build.xml
https://api.github.com/repos/JakeWharton/u2020 - JakeWharton_u2020 - JakeWharton/u2020
    build.gradle
https://api.github.com/repos/castorflex/SmoothProgressBar - castorflex_SmoothProgressBar - castorflex/SmoothProgressBar
    build.gradle
    library/build.gradle
    sample/build.gradle
https://api.github.com/repos/JakeWharton/hugo - JakeWharton_hugo - JakeWharton/hugo
    build.gradle
    hugo-annotations/build.gradle
    hugo-example/build.gradle
    hugo-plugin/build.gradle
    hugo-runtime/build.gradle
https://api.github.com/repos/cloudera/oryx - cloudera_oryx - cloudera/oryx
    als-common/pom.xml
    als-computation/pom.xml
    als-serving/pom.xml
    common-servcomp/pom.xml
    common/pom.xml
    computation-common/pom.xml
    computation/pom.xml
    kmeans-common/pom.xml
    kmeans-computation/pom.xml
    kmeans-serving/pom.xml
    pom.xml
    rdf-common/pom.xml
    rdf-computation/pom.xml
    rdf-serving/pom.xml
    serving-common/pom.xml
    serving/pom.xml
https://api.github.com/repos/dim-s/jphp - dim-s_jphp - dim-s/jphp
    build.gradle
    jphp-cli/build.gradle
    jphp-core/build.gradle
    jphp-example-project/build.gradle
    jphp-json-ext/build.gradle
    jphp-swing-ext/build.gradle
    jphp-zend-ext/build.gradle
https://api.github.com/repos/facebook/rebound - facebook_rebound - facebook/rebound
    build.gradle
    rebound-android-example/build.gradle
    rebound-android-origami-example/build.gradle
    rebound-android/build.gradle
    rebound-core/build.gradle
https://api.github.com/repos/apache/incubator-storm - apache_incubator-storm - apache/incubator-storm
    examples/storm-starter/pom.xml
    pom.xml
    storm-buildtools/maven-shade-clojure-transformer/pom.xml
    storm-core/pom.xml
    storm-dist/binary/pom.xml
    storm-dist/source/pom.xml
https://api.github.com/repos/emilsjolander/sprinkles - emilsjolander_sprinkles - emilsjolander/sprinkles
    build.gradle
    library/build.gradle
    sample/build.gradle
https://api.github.com/repos/RadiusNetworks/android-ibeacon-service - RadiusNetworks_android-ibeacon-service - RadiusNetworks/android-ibeacon-service
    build.gradle
    build.gradle
    build.gradle
https://api.github.com/repos/chrisjenx/Calligraphy - chrisjenx_Calligraphy - chrisjenx/Calligraphy
    CalligraphySample/build.gradle
    build.gradle
    calligraphy/build.gradle
https://api.github.com/repos/MichaelEvans/ColorArt - MichaelEvans_ColorArt - MichaelEvans/ColorArt
    build.gradle
    demo/build.gradle
    library/build.gradle
https://api.github.com/repos/flavienlaurent/NotBoringActionBar - flavienlaurent_NotBoringActionBar - flavienlaurent/NotBoringActionBar
    App/build.gradle
    build.gradle
https://api.github.com/repos/openhab/openhab - openhab_openhab - openhab/openhab
    bundles/action/pom.xml
    bundles/binding/pom.xml
    bundles/config/pom.xml
    bundles/core/pom.xml
    bundles/designer/pom.xml
    bundles/io/pom.xml
    bundles/library/pom.xml
    bundles/model/pom.xml
    bundles/persistence/pom.xml
    bundles/pom.xml
    bundles/ui/pom.xml
    distribution/pom.xml
    features/pom.xml
    pom.xml
    products/pom.xml
    targetplatform/pom.xml
https://api.github.com/repos/jhipster/generator-jhipster - jhipster_generator-jhipster - jhipster/generator-jhipster
    app/templates/_pom.xml
https://api.github.com/repos/brettwooldridge/HikariCP - brettwooldridge_HikariCP - brettwooldridge/HikariCP
    pom.xml
https://api.github.com/repos/jgilfelt/SystemBarTint - jgilfelt_SystemBarTint - jgilfelt/SystemBarTint
    build.gradle
    library/build.gradle
    sample/build.gradle
    library/build.xml
https://api.github.com/repos/jodoglevy/gargl - jodoglevy_gargl - jodoglevy/gargl
    generators/JavaGenerator/pom.xml
https://api.github.com/repos/square/mortar - square_mortar - square/mortar
    mortar-helloworld/pom.xml
    mortar-sample/pom.xml
    mortar/pom.xml
    pom.xml
https://api.github.com/repos/EsotericSoftware/kryo - EsotericSoftware_kryo - EsotericSoftware/kryo
    pom.xml
https://api.github.com/repos/WhisperSystems/BitHub - WhisperSystems_BitHub - WhisperSystems/BitHub
    pom.xml
https://api.github.com/repos/square/flow - square_flow - square/flow
    flow-sample/pom.xml
    flow/pom.xml
    pom.xml
https://api.github.com/repos/yahoo/samoa - yahoo_samoa - yahoo/samoa
    pom.xml
    samoa-api/pom.xml
    samoa-instances/pom.xml
    samoa-local/pom.xml
    samoa-s4/pom.xml
    samoa-s4/samoa-s4-adapter/pom.xml
    samoa-storm/pom.xml
https://api.github.com/repos/inmite/android-butterknife-zelezny - inmite_android-butterknife-zelezny - inmite/android-butterknife-zelezny
    No build files found!
https://api.github.com/repos/jpardogo/ListBuddies - jpardogo_ListBuddies - jpardogo/ListBuddies
    build.gradle
    example/build.gradle
    library/build.gradle
https://api.github.com/repos/SpecialCyCi/AndroidResideMenu - SpecialCyCi_AndroidResideMenu - SpecialCyCi/AndroidResideMenu
    ResideMenu/build.xml
    ResideMenuDemo/build.xml
https://api.github.com/repos/binwiederhier/syncany - binwiederhier_syncany - binwiederhier/syncany
    build.gradle
    syncany-cli/build.gradle
    syncany-lib/build.gradle
    syncany-plugins/syncany-plugin-ftp/build.gradle
    syncany-plugins/syncany-plugin-webdav/build.gradle
    syncany-util/build.gradle
https://api.github.com/repos/jeromevdl/android-holo-colors-idea-plugin - jeromevdl_android-holo-colors-idea-plugin - jeromevdl/android-holo-colors-idea-plugin
    No build files found!
https://api.github.com/repos/nginx-clojure/nginx-clojure - nginx-clojure_nginx-clojure - nginx-clojure/nginx-clojure
    No build files found!
https://api.github.com/repos/fayder/restcountries - fayder_restcountries - fayder/restcountries
    pom.xml
https://api.github.com/repos/inmite/android-validation-komensky - inmite_android-validation-komensky - inmite/android-validation-komensky
    demo/pom.xml
    library/pom.xml
    pom.xml
https://api.github.com/repos/romainguy/road-trip - romainguy_road-trip - romainguy/road-trip
    application/build.gradle
    build.gradle
https://api.github.com/repos/MostafaGazar/CustomShapeImageView - MostafaGazar_CustomShapeImageView - MostafaGazar/CustomShapeImageView
    No build files found!
https://api.github.com/repos/guerwan/TransitionsBackport - guerwan_TransitionsBackport - guerwan/TransitionsBackport
    TransitionSample/build.gradle
    build.gradle
    library/build.gradle
https://api.github.com/repos/alamkanak/Android-Empty-Layout - alamkanak_Android-Empty-Layout - alamkanak/Android-Empty-Layout
    No build files found!
https://api.github.com/repos/addthis/hydra - addthis_hydra - addthis/hydra
    hydra-avro/pom.xml
    hydra-data/pom.xml
    hydra-essentials/pom.xml
    hydra-filters/pom.xml
    hydra-main-api/pom.xml
    hydra-main/pom.xml
    hydra-mq/pom.xml
    hydra-store/pom.xml
    hydra-task/pom.xml
    hydra-uber/pom.xml
    pom.xml
https://api.github.com/repos/cjlin1/libsvm - cjlin1_libsvm - cjlin1/libsvm
    No build files found!
https://api.github.com/repos/anupcowkur/Reservoir - anupcowkur_Reservoir - anupcowkur/Reservoir
    Library/build.gradle
    Sample/build.gradle
    build.gradle
https://api.github.com/repos/inmite/android-grid-wichterle - inmite_android-grid-wichterle - inmite/android-grid-wichterle
    pom.xml
https://api.github.com/repos/negusoft/holoaccent - negusoft_holoaccent - negusoft/holoaccent
    HoloAccent/build.gradle
    HoloAccentExample/build.gradle
    build.gradle
https://api.github.com/repos/stephanenicolas/boundbox - stephanenicolas_boundbox - stephanenicolas/boundbox
    boundbox-library-integration-tests/pom.xml
    boundbox-library/dependency-reduced-pom.xml
    boundbox-library/pom.xml
    pom.xml
    samples/boundbox-android-sample-tests/pom.xml
    samples/boundbox-android-sample/pom.xml
    samples/boundbox-sample/pom.xml
    samples/boundbox-android-sample/build.gradle
https://api.github.com/repos/AdoptOpenJDK/jitwatch - AdoptOpenJDK_jitwatch - AdoptOpenJDK/jitwatch
    pom.xml
    build.xml
https://api.github.com/repos/alibaba/jstorm - alibaba_jstorm - alibaba/jstorm
    example/sequence-split-merge/pom.xml
    jstorm-client-extension/pom.xml
    jstorm-client/pom.xml
    jstorm-server/pom.xml
    jstorm-ui/pom.xml
    pom.xml
https://api.github.com/repos/nikwen/DynamicShareActionProvider - nikwen_DynamicShareActionProvider - nikwen/DynamicShareActionProvider
    build.gradle
    library/build.gradle
    sample/build.gradle
https://api.github.com/repos/dlew/android-movies-demo - dlew_android-movies-demo - dlew/android-movies-demo
    MoviesDemoProject/MoviesDemo/build.gradle
    MoviesDemoProject/build.gradle
https://api.github.com/repos/AChep/Header2ActionBar - AChep_Header2ActionBar - AChep/Header2ActionBar
    Header2ActionBar/build.gradle
    build.gradle
    sample/Header2ActionBarDemo/build.gradle
https://api.github.com/repos/jgilfelt/GhostLog - jgilfelt_GhostLog - jgilfelt/GhostLog
    GhostLog/app/build.gradle
    GhostLog/build.gradle
    Integration/build.gradle
    Integration/ghostlog-integration/build.gradle
    Integration/sample/build.gradle
https://api.github.com/repos/eluleci/FlatUI - eluleci_FlatUI - eluleci/FlatUI
    build.gradle
    library/build.gradle
    sample/build.gradle
https://api.github.com/repos/cryptocat/cryptocat-android - cryptocat_cryptocat-android - cryptocat/cryptocat-android
    build.xml
    deps/otr4j/build.xml
https://api.github.com/repos/mapbox/mapbox-android-sdk - mapbox_mapbox-android-sdk - mapbox/mapbox-android-sdk
    MapboxAndroidSDK/build.gradle
    MapboxAndroidSDKTestApp/build.gradle
    build.gradle
https://api.github.com/repos/EsotericSoftware/kryonet - EsotericSoftware_kryonet - EsotericSoftware/kryonet
    No build files found!
https://api.github.com/repos/SecUpwN/Android-IMSI-Catcher-Detector - SecUpwN_Android-IMSI-Catcher-Detector - SecUpwN/Android-IMSI-Catcher-Detector
    app/build.gradle
    build.gradle
https://api.github.com/repos/daimajia/AnimeTaste - daimajia_AnimeTaste - daimajia/AnimeTaste
    libraries/android-switch-backport/pom.xml
    libraries/supertoasts/pom.xml
    build.gradle
    libraries/MainLibs/build.gradle
    libraries/OneKeyShare/build.gradle
    libraries/SwipeBackLayout/build.gradle
    libraries/ViewPagerIndicator/build.gradle
    libraries/android-switch-backport/build.gradle
    libraries/gif-library/build.gradle
    libraries/supertoasts/build.gradle
    libraries/MainLibs/build.xml
    libraries/android-switch-backport/build.xml
    libraries/gif-library/build.xml
https://api.github.com/repos/myui/hivemall - myui_hivemall - myui/hivemall
    pom.xml
    build.xml
https://api.github.com/repos/Estimote/Android-SDK - Estimote_Android-SDK - Estimote/Android-SDK
    Demos/build.gradle
https://api.github.com/repos/grouplens/lenskit - grouplens_lenskit - grouplens/lenskit
    lenskit-integration-tests/src/it/all-output-files/pom.xml
    lenskit-integration-tests/src/it/external-algorithms/pom.xml
    lenskit-integration-tests/src/it/lenskit-cli/pom.xml
    build.gradle
    buildSrc/build.gradle
    lenskit-all/build.gradle
    lenskit-api/build.gradle
    lenskit-cli/build.gradle
    lenskit-core/build.gradle
    lenskit-data-structures/build.gradle
    lenskit-eval/build.gradle
    lenskit-groovy/build.gradle
    lenskit-integration-tests/build.gradle
    lenskit-knn/build.gradle
    lenskit-predict/build.gradle
    lenskit-slopeone/build.gradle
    lenskit-svd/build.gradle
    lenskit-test/build.gradle
https://api.github.com/repos/DWorkS/AStickyHeader - DWorkS_AStickyHeader - DWorkS/AStickyHeader
    library/pom.xml
    build.gradle
    library/build.gradle
    sample/build.gradle
https://api.github.com/repos/ivan-vasilev/neuralnetworks - ivan-vasilev_neuralnetworks - ivan-vasilev/neuralnetworks
    nn-core/pom.xml
    nn-samples/pom.xml
    pom.xml
    build.gradle
    nn-core/build.gradle
    nn-samples/build.gradle
https://api.github.com/repos/google/jimfs - google_jimfs - google/jimfs
    jimfs/pom.xml
    pom.xml
https://api.github.com/repos/wrapp/floatlabelededittext - wrapp_floatlabelededittext - wrapp/floatlabelededittext
    No build files found!
https://api.github.com/repos/yinwang0/rubysonar - yinwang0_rubysonar - yinwang0/rubysonar
    pom.xml
https://api.github.com/repos/IDPF/epubcheck - IDPF_epubcheck - IDPF/epubcheck
    pom.xml
https://api.github.com/repos/WhisperSystems/TextSecure-Server - WhisperSystems_TextSecure-Server - WhisperSystems/TextSecure-Server
    pom.xml
https://api.github.com/repos/apache/incubator-aurora - apache_incubator-aurora - apache/incubator-aurora
    build.gradle
https://api.github.com/repos/JakeWharton/madge - JakeWharton_madge - JakeWharton/madge
    build.gradle
    madge-example/build.gradle
    madge/build.gradle
https://api.github.com/repos/serso/android-messengerpp - serso_android-messengerpp - serso/android-messengerpp
    app-test/pom.xml
    app/pom.xml
    core/pom.xml
    pom.xml
    realm-sms/pom.xml
    realm-vk/pom.xml
    realm-xmpp/pom.xml
https://api.github.com/repos/chrisjenx/Paralloid - chrisjenx_Paralloid - chrisjenx/Paralloid
    build.gradle
    paralloid/build.gradle
    paralloidexample/build.gradle
    paralloidviews/build.gradle
https://api.github.com/repos/tyczj/MapNavigator - tyczj_MapNavigator - tyczj/MapNavigator
    No build files found!
https://api.github.com/repos/mobsandgeeks/adapter-kit - mobsandgeeks_adapter-kit - mobsandgeeks/adapter-kit
    library/pom.xml
https://api.github.com/repos/pyricau/shipfaster - pyricau_shipfaster - pyricau/shipfaster
    pom.xml
https://api.github.com/repos/code4craft/netty-learning - code4craft_netty-learning - code4craft/netty-learning
    learning-src/pom.xml
    learning-src/socksproxy/pom.xml
https://api.github.com/repos/google/grafika - google_grafika - google/grafika
    No build files found!
https://api.github.com/repos/GeekZooStudio/ECMobile_Android - GeekZooStudio_ECMobile_Android - GeekZooStudio/ECMobile_Android
    android/libs/EventBus/EventBus/build.gradle
    android/libs/EventBus/build.gradle
    android/build.xml
    android/libs/EventBus/EventBus/mybuild.xml
https://api.github.com/repos/SimonVT/adapterviewanimator - SimonVT_adapterviewanimator - SimonVT/adapterviewanimator
    adapterviewanimator-samples/build.gradle
    adapterviewanimator/build.gradle
    build.gradle
https://api.github.com/repos/splitwise/TokenAutoComplete - splitwise_TokenAutoComplete - splitwise/TokenAutoComplete
    build.gradle
    example/build.gradle
    library/build.gradle
https://api.github.com/repos/LatencyUtils/LatencyUtils - LatencyUtils_LatencyUtils - LatencyUtils/LatencyUtils
    pom.xml
https://api.github.com/repos/UniqueStudio/weclient - UniqueStudio_weclient - UniqueStudio/weclient
    build.gradle
https://api.github.com/repos/tdunning/t-digest - tdunning_t-digest - tdunning/t-digest
    pom.xml
https://api.github.com/repos/JustinSDK/JavaSE6Tutorial - JustinSDK_JavaSE6Tutorial - JustinSDK/JavaSE6Tutorial
    example/A/HelloWorld/build.xml
    example/B/build.xml
https://api.github.com/repos/learnNcode/MediaChooser - learnNcode_MediaChooser - learnNcode/MediaChooser
    No build files found!
https://api.github.com/repos/es92/Hexel - es92_Hexel - es92/Hexel
    pom.xml
https://api.github.com/repos/Netflix/zeno - Netflix_zeno - Netflix/zeno
    build.gradle
https://api.github.com/repos/bitcoinj/bitcoinj - bitcoinj_bitcoinj - bitcoinj/bitcoinj
    core/pom.xml
    examples/pom.xml
    pom.xml
    tools/pom.xml
    wallettemplate/pom.xml
https://api.github.com/repos/java8/Java8InAction - java8_Java8InAction - java8/Java8InAction
    pom.xml
https://api.github.com/repos/RichardHightower/boon - RichardHightower_boon - RichardHightower/boon
    pom.xml
https://api.github.com/repos/rejasupotaro/Rebuild - rejasupotaro_Rebuild - rejasupotaro/Rebuild
    Rebuild/build.gradle
    build.gradle
    robospock/build.gradle
https://api.github.com/repos/TrsstProject/trsst - TrsstProject_trsst - TrsstProject/trsst
    pom.xml
https://api.github.com/repos/mttkay/memento - mttkay_memento - mttkay/memento
    memento-processor/pom.xml
    memento/pom.xml
    pom.xml
https://api.github.com/repos/marvinlabs/android-unlocker-library - marvinlabs_android-unlocker-library - marvinlabs/android-unlocker-library
    No build files found!
https://api.github.com/repos/jaredsburrows/OpenQuartz - jaredsburrows_OpenQuartz - jaredsburrows/OpenQuartz
    No build files found!
https://api.github.com/repos/googledrive/android-demos - googledrive_android-demos - googledrive/android-demos
    No build files found!
https://api.github.com/repos/j4velin/Pedometer - j4velin_Pedometer - j4velin/Pedometer
    No build files found!
https://api.github.com/repos/youtube/api-samples - youtube_api-samples - youtube/api-samples
    java/pom.xml
https://api.github.com/repos/pentaho/pentaho-kettle - pentaho_pentaho-kettle - pentaho/pentaho-kettle
    assembly/build.xml
    build.xml
    core/build.xml
    dbdialog/build.xml
    engine/build.xml
    plugins/kettle-gpload-plugin/build.xml
    plugins/kettle-hl7-plugin/build.xml
    plugins/kettle-openerp-plugin/build.xml
    plugins/kettle-palo-plugin/build.xml
    plugins/kettle5-log4j-plugin/build.xml
    plugins/market/build.xml
    plugins/star-modeler/build.xml
    ui/build.xml
    assembly/ivy.xml
    core/ivy.xml
    dbdialog/ivy.xml
    dbdialog/package-ivy.xml
    engine/ivy.xml
    engine/package-ivy.xml
    ivy.xml
    plugins/kettle-gpload-plugin/ivy.xml
    plugins/kettle-gpload-plugin/package-ivy.xml
    plugins/kettle-hl7-plugin/ivy.xml
    plugins/kettle-hl7-plugin/package-ivy.xml
    plugins/kettle-openerp-plugin/ivy.xml
    plugins/kettle-openerp-plugin/package-ivy.xml
    plugins/kettle-palo-plugin/ivy.xml
    plugins/kettle-palo-plugin/package-ivy.xml
    plugins/kettle5-log4j-plugin/ivy.xml
    plugins/kettle5-log4j-plugin/package-ivy.xml
    plugins/market/ivy.xml
    plugins/market/package-ivy.xml
    plugins/star-modeler/ivy.xml
    plugins/star-modeler/package-ivy.xml
    ui/ivy.xml
https://api.github.com/repos/kidoman/rays - kidoman_rays - kidoman/rays
    No build files found!
https://api.github.com/repos/nebulabsnyc/PhoneHome - nebulabsnyc_PhoneHome - nebulabsnyc/PhoneHome
    No build files found!
Totalresults: 484
https://api.github.com/repos/sinaweibosdk/weibo_android_sdk - sinaweibosdk_weibo_android_sdk - sinaweibosdk/weibo_android_sdk
    No build files found!
https://api.github.com/repos/angelozerr/angularjs-eclipse - angelozerr_angularjs-eclipse - angelozerr/angularjs-eclipse
    angularjs-eclipse-feature/pom.xml
    pom.xml
https://api.github.com/repos/wmbest2/SwipeableLayout - wmbest2_SwipeableLayout - wmbest2/SwipeableLayout
    build.gradle
    library/build.gradle
https://api.github.com/repos/EsotericSoftware/reflectasm - EsotericSoftware_reflectasm - EsotericSoftware/reflectasm
    pom.xml
https://api.github.com/repos/Netflix/s3mper - Netflix_s3mper - Netflix/s3mper
    build.gradle
https://api.github.com/repos/MinecraftForge/ForgeGradle - MinecraftForge_ForgeGradle - MinecraftForge/ForgeGradle
    build.gradle
https://api.github.com/repos/ex3ndr/telegram-api - ex3ndr_telegram-api - ex3ndr/telegram-api
    build.gradle
https://api.github.com/repos/EddyVerbruggen/Calendar-PhoneGap-Plugin - EddyVerbruggen_Calendar-PhoneGap-Plugin - EddyVerbruggen/Calendar-PhoneGap-Plugin
    No build files found!
https://api.github.com/repos/RaiMan/SikuliX-2014 - RaiMan_SikuliX-2014 - RaiMan/SikuliX-2014
    API/pom.xml
    APIFat/pom.xml
    Basics/pom.xml
    Guide/pom.xml
    IDE/pom.xml
    IDEFat/pom.xml
    JRuby/pom.xml
    JRubyFat/pom.xml
    Jygments4SikuliX/pom.xml
    Jython/pom.xml
    JythonFat/pom.xml
    Libs/pom.xml
    MacApp/pom.xml
    Natives/pom.xml
    OpenCV4SikuliX/pom.xml
    Remote/pom.xml
    Setup/pom.xml
    Tesseract/pom.xml
    Tesseract4SikuliX/pom.xml
    pom.xml
    Libs/xbuild.xml
https://api.github.com/repos/cloudera/gertrude - cloudera_gertrude - cloudera/gertrude
    avro/pom.xml
    core/pom.xml
    curator/pom.xml
    deploy/pom.xml
    file/pom.xml
    pom.xml
    server/pom.xml
https://api.github.com/repos/cyngn/OneClickAndroid - cyngn_OneClickAndroid - cyngn/OneClickAndroid
    build.xml
https://api.github.com/repos/hmkcode/Android - hmkcode_Android - hmkcode/Android
    java-post-gcm/pom.xml
https://api.github.com/repos/bluejamesbond/TextJustify-Android - bluejamesbond_TextJustify-Android - bluejamesbond/TextJustify-Android
    No build files found!
https://api.github.com/repos/Saketme/Bunk-o-Meter - Saketme_Bunk-o-Meter - Saketme/Bunk-o-Meter
    build.gradle
https://api.github.com/repos/ex3ndr/telegram-mt - ex3ndr_telegram-mt - ex3ndr/telegram-mt
    build.gradle
https://api.github.com/repos/mvarnagiris/Financius - mvarnagiris_Financius - mvarnagiris/Financius
    Financius/Financius/build.gradle
    Financius/build.gradle
https://api.github.com/repos/stormzhang/CustomLoading - stormzhang_CustomLoading - stormzhang/CustomLoading
    No build files found!
https://api.github.com/repos/subchen/jetbrick-template - subchen_jetbrick-template - subchen/jetbrick-template
    pom.xml
    build.xml
https://api.github.com/repos/Chainfire/GeoLog - Chainfire_GeoLog - Chainfire/GeoLog
    No build files found!
https://api.github.com/repos/nitsanw/JAQ-InABox - nitsanw_JAQ-InABox - nitsanw/JAQ-InABox
    jaq-benchmarks/pom.xml
    jaq-inabox/pom.xml
    pom.xml
https://api.github.com/repos/MightyPirates/OpenComputers - MightyPirates_OpenComputers - MightyPirates/OpenComputers
    build.gradle
https://api.github.com/repos/nurkiewicz/typeof - nurkiewicz_typeof - nurkiewicz/typeof
    pom.xml
https://api.github.com/repos/jgilfelt/ThisWayUp - jgilfelt_ThisWayUp - jgilfelt/ThisWayUp
    No build files found!
https://api.github.com/repos/gravel-st/gravel - gravel-st_gravel - gravel-st/gravel
    pom.xml
https://api.github.com/repos/aggregateknowledge/java-hll - aggregateknowledge_java-hll - aggregateknowledge/java-hll
    pom.xml
https://api.github.com/repos/3pillarlabs/socialauth-android - 3pillarlabs_socialauth-android - 3pillarlabs/socialauth-android
    build.xml
https://api.github.com/repos/rometools/rome - rometools_rome - rometools/rome
    pom.xml
https://api.github.com/repos/awslabs/dynamodb-geo - awslabs_dynamodb-geo - awslabs/dynamodb-geo
    pom.xml
    samples/dynamodb-geo-server/pom.xml
https://api.github.com/repos/kimhansen/Fairphone---DEPRECATED - kimhansen_Fairphone---DEPRECATED - kimhansen/Fairphone---DEPRECATED
    No build files found!
https://api.github.com/repos/mvogiatzis/first-stories-twitter - mvogiatzis_first-stories-twitter - mvogiatzis/first-stories-twitter
    pom.xml
https://api.github.com/repos/ATLauncher/ATLauncher - ATLauncher_ATLauncher - ATLauncher/ATLauncher
    build.xml
https://api.github.com/repos/federicoiosue/Omni-Notes - federicoiosue_Omni-Notes - federicoiosue/Omni-Notes
    No build files found!
https://api.github.com/repos/justinsb/jetcd - justinsb_jetcd - justinsb/jetcd
    pom.xml
https://api.github.com/repos/imbryk/LoopingViewPager - imbryk_LoopingViewPager - imbryk/LoopingViewPager
    build.gradle
https://api.github.com/repos/fathomdb/cloud - fathomdb_cloud - fathomdb/cloud
    autonomous/auto-common/pom.xml
    autonomous/auto-conf-openstack/pom.xml
    autonomous/auto-fathomcloud/pom.xml
    autonomous/auto-haproxy/pom.xml
    autonomous/auto-openstack-horizon/pom.xml
    autonomous/auto-zookeeper/pom.xml
    autonomous/pom.xml
    fathomcloud-blobs/pom.xml
    fathomcloud-client/pom.xml
    fathomcloud-common/pom.xml
    fathomcloud-compute/pom.xml
    fathomcloud-dbaas/pom.xml
    fathomcloud-dns/pom.xml
    fathomcloud-identity/pom.xml
    fathomcloud-image/pom.xml
    fathomcloud-lbaas/pom.xml
    fathomcloud-mq/pom.xml
    fathomcloud-networking/pom.xml
    fathomcloud-secrets/pom.xml
    fathomcloud-server/pom.xml
    fathomcloud-storage/pom.xml
    pom.xml
https://api.github.com/repos/bulletnoid/StaggeredGridView - bulletnoid_StaggeredGridView - bulletnoid/StaggeredGridView
    build.xml
https://api.github.com/repos/michaelnovakjr/object-cursor - michaelnovakjr_object-cursor - michaelnovakjr/object-cursor
    objectcursor/pom.xml
    pom.xml
    samples/pom.xml
https://api.github.com/repos/Netflix/staash - Netflix_staash - Netflix/staash
    staash-svc/pom.xml
    staash-web/pom.xml
    build.gradle
https://api.github.com/repos/mgodave/barge - mgodave_barge - mgodave/barge
    barge-core/pom.xml
    barge-jax-rs/pom.xml
    barge-rpc-proto/pom.xml
    barge-tools/pom.xml
    pom.xml
https://api.github.com/repos/tibi1712/FoldingNavigationDrawer-Android - tibi1712_FoldingNavigationDrawer-Android - tibi1712/FoldingNavigationDrawer-Android
    No build files found!
https://api.github.com/repos/galenframework/galen - galenframework_galen - galenframework/galen
    pom.xml
https://api.github.com/repos/nicolasjafelle/AndroidDemo - nicolasjafelle_AndroidDemo - nicolasjafelle/AndroidDemo
    AndroidDemoApp/App/build.gradle
    AndroidDemoApp/build.gradle
https://api.github.com/repos/MarkMjw/PullScrollView - MarkMjw_PullScrollView - MarkMjw/PullScrollView
    PullScrollView/build.gradle
    build.gradle
https://api.github.com/repos/jhalterman/lyra - jhalterman_lyra - jhalterman/lyra
    pom.xml
https://api.github.com/repos/kite-sdk/kite - kite-sdk_kite - kite-sdk/kite
    kite-data/kite-data-core/pom.xml
    kite-data/kite-data-crunch/pom.xml
    kite-data/kite-data-flume/pom.xml
    kite-data/kite-data-hbase/pom.xml
    kite-data/kite-data-hcatalog/pom.xml
    kite-data/kite-data-mapreduce/pom.xml
    kite-data/pom.xml
    kite-hadoop-compatibility/pom.xml
    kite-hadoop-dependencies/default-test/pom.xml
    kite-hadoop-dependencies/default/pom.xml
    kite-hadoop-dependencies/hadoop1-test/pom.xml
    kite-hadoop-dependencies/hadoop1/pom.xml
    kite-hadoop-dependencies/hadoop2-test/pom.xml
    kite-hadoop-dependencies/hadoop2/pom.xml
    kite-hadoop-dependencies/pom.xml
    kite-hbase-dependencies/default-test/pom.xml
    kite-hbase-dependencies/default/pom.xml
    kite-hbase-dependencies/hadoop1-test/pom.xml
    kite-hbase-dependencies/hadoop1/pom.xml
    kite-hbase-dependencies/hadoop2-test/pom.xml
    kite-hbase-dependencies/hadoop2/pom.xml
    kite-hbase-dependencies/pom.xml
    kite-maven-plugin/pom.xml
    kite-morphlines/kite-morphlines-all-except-solr/pom.xml
    kite-morphlines/kite-morphlines-all/pom.xml
    kite-morphlines/kite-morphlines-avro/pom.xml
    kite-morphlines/kite-morphlines-core/pom.xml
    kite-morphlines/kite-morphlines-hadoop-core/pom.xml
    kite-morphlines/kite-morphlines-hadoop-parquet-avro/pom.xml
    kite-morphlines/kite-morphlines-hadoop-rcfile/pom.xml
    kite-morphlines/kite-morphlines-hadoop-sequencefile/pom.xml
    kite-morphlines/kite-morphlines-json/pom.xml
    kite-morphlines/kite-morphlines-maxmind/pom.xml
    kite-morphlines/kite-morphlines-metrics-servlets/pom.xml
    kite-morphlines/kite-morphlines-saxon/pom.xml
    kite-morphlines/kite-morphlines-solr-cell/pom.xml
    kite-morphlines/kite-morphlines-solr-core/pom.xml
    kite-morphlines/kite-morphlines-tika-core/pom.xml
    kite-morphlines/kite-morphlines-tika-decompress/pom.xml
    kite-morphlines/kite-morphlines-twitter/pom.xml
    kite-morphlines/kite-morphlines-useragent/pom.xml
    kite-morphlines/pom.xml
    kite-tools/pom.xml
    pom.xml
https://api.github.com/repos/learnNcode/GmailLikePullToRefresh - learnNcode_GmailLikePullToRefresh - learnNcode/GmailLikePullToRefresh
    No build files found!
https://api.github.com/repos/sesteel/goclipse - sesteel_goclipse - sesteel/goclipse
    goclipse-feature/pom.xml
    goclipse-n/pom.xml
    pom.xml
https://api.github.com/repos/awslabs/route53-infima - awslabs_route53-infima - awslabs/route53-infima
    pom.xml
https://api.github.com/repos/jhipster/jhipster-sample-app - jhipster_jhipster-sample-app - jhipster/jhipster-sample-app
    pom.xml
https://api.github.com/repos/yammer/tenacity - yammer_tenacity - yammer/tenacity
    pom.xml
    tenacity-client/pom.xml
    tenacity-core-legacy/pom.xml
    tenacity-core/pom.xml
    tenacity-jdbi/pom.xml
    tenacity-testing/pom.xml
https://api.github.com/repos/EsotericSoftware/tablelayout - EsotericSoftware_tablelayout - EsotericSoftware/tablelayout
    No build files found!
https://api.github.com/repos/almalence/OpenCamera - almalence_OpenCamera - almalence/OpenCamera
    No build files found!
https://api.github.com/repos/OpenHFT/Java-Thread-Affinity - OpenHFT_Java-Thread-Affinity - OpenHFT/Java-Thread-Affinity
    affinity/pom.xml
    pom.xml
https://api.github.com/repos/giltene/jHiccup - giltene_jHiccup - giltene/jHiccup
    pom.xml
https://api.github.com/repos/alibaba/multi-thread-context - alibaba_multi-thread-context - alibaba/multi-thread-context
    pom.xml
https://api.github.com/repos/designrifts/Ultimate_Theme_UI_Template - designrifts_Ultimate_Theme_UI_Template - designrifts/Ultimate_Theme_UI_Template
    No build files found!
https://api.github.com/repos/Kwamecorp/Fairphone - Kwamecorp_Fairphone - Kwamecorp/Fairphone
    No build files found!
https://api.github.com/repos/commonsguy/cwac-masterdetail - commonsguy_cwac-masterdetail - commonsguy/cwac-masterdetail
    library/build.xml
https://api.github.com/repos/NLPchina/Word2VEC_java - NLPchina_Word2VEC_java - NLPchina/Word2VEC_java
    No build files found!
https://api.github.com/repos/Mojang/AccountsClient - Mojang_AccountsClient - Mojang/AccountsClient
    build.gradle
https://api.github.com/repos/eshioji/trident-tutorial - eshioji_trident-tutorial - eshioji/trident-tutorial
    pom.xml
https://api.github.com/repos/dacer/AndroidCharts - dacer_AndroidCharts - dacer/AndroidCharts
    AndroidCharts/build.gradle
    AndroidChartsExample/build.gradle
    build.gradle
https://api.github.com/repos/shamanland/fonticon - shamanland_fonticon - shamanland/fonticon
    app/build.gradle
    build.gradle
https://api.github.com/repos/Trikke/android-sqlite-generator - Trikke_android-sqlite-generator - Trikke/android-sqlite-generator
    No build files found!
https://api.github.com/repos/glob3mobile/g3m - glob3mobile_g3m - glob3mobile/g3m
    No build files found!
https://api.github.com/repos/techpanja/interviewproblems - techpanja_interviewproblems - techpanja/interviewproblems
    No build files found!
https://api.github.com/repos/mplushnikov/lombok-intellij-plugin - mplushnikov_lombok-intellij-plugin - mplushnikov/lombok-intellij-plugin
    lombok-api/pom.xml
    pom.xml
    test-manual/lombok/pom.xml
    test-manual/lombok_pg/pom.xml
    test-manual/pom.xml
https://api.github.com/repos/alexdennis/GlassBatteryLevel - alexdennis_GlassBatteryLevel - alexdennis/GlassBatteryLevel
    No build files found!
https://api.github.com/repos/kenumir/android-calendar-card - kenumir_android-calendar-card - kenumir/android-calendar-card
    No build files found!
https://api.github.com/repos/Adobe-Consulting-Services/acs-aem-commons - Adobe-Consulting-Services_acs-aem-commons - Adobe-Consulting-Services/acs-aem-commons
    bundle-twitter/pom.xml
    bundle/pom.xml
    content/pom.xml
    pom.xml
https://api.github.com/repos/twitter/hpack - twitter_hpack - twitter/hpack
    pom.xml
https://api.github.com/repos/umanx/DashNotifier - umanx_DashNotifier - umanx/DashNotifier
    No build files found!
https://api.github.com/repos/daimajia/EverMemo - daimajia_EverMemo - daimajia/EverMemo
    build.gradle
    libraries/EverNoteEx/build.gradle
    libraries/ExGridView/build.gradle
https://api.github.com/repos/danwilson/google-analytics-plugin - danwilson_google-analytics-plugin - danwilson/google-analytics-plugin
    No build files found!
https://api.github.com/repos/steffenschaefer/gwt-gradle-plugin - steffenschaefer_gwt-gradle-plugin - steffenschaefer/gwt-gradle-plugin
    build.gradle
    examples/build.gradle
    examples/compile-only/build.gradle
    examples/compile-to-maven-repo/build.gradle
    examples/library/build.gradle
    examples/simple-war/build.gradle
    examples/super-dev-mode/build.gradle
    examples/testing/build.gradle
    examples/war-using-compile-only/build.gradle
    examples/war-using-library/build.gradle
    gwt-gradle-plugin/build.gradle
https://api.github.com/repos/nohana/Amalgam - nohana_Amalgam - nohana/Amalgam
    amalgam/Amalgam/build.gradle
    amalgam/build.gradle
https://api.github.com/repos/guoding83128/OpenDL - guoding83128_OpenDL - guoding83128/OpenDL
    core/pom.xml
    examples/pom.xml
https://api.github.com/repos/salyh/elasticsearch-security-plugin - salyh_elasticsearch-security-plugin - salyh/elasticsearch-security-plugin
    pom.xml
https://api.github.com/repos/BottegaIT/ddd-leaven-v2 - BottegaIT_ddd-leaven-v2 - BottegaIT/ddd-leaven-v2
    pom.xml
https://api.github.com/repos/EatHeat/FloatingExample - EatHeat_FloatingExample - EatHeat/FloatingExample
    No build files found!
https://api.github.com/repos/scalyr/cloud-costs - scalyr_cloud-costs - scalyr/cloud-costs
    No build files found!
https://api.github.com/repos/dschuermann/billing-hack - dschuermann_billing-hack - dschuermann/billing-hack
    No build files found!
https://api.github.com/repos/awslabs/amazon-kinesis-connectors - awslabs_amazon-kinesis-connectors - awslabs/amazon-kinesis-connectors
    src/main/samples/dynamodb/build.xml
    src/main/samples/redshiftbasic/build.xml
    src/main/samples/redshiftmanifest/build.xml
    src/main/samples/s3/build.xml
https://api.github.com/repos/wordpress-mobile/Android-PasscodeLock - wordpress-mobile_Android-PasscodeLock - wordpress-mobile/Android-PasscodeLock
    build.gradle
    library/build.gradle
https://api.github.com/repos/KolakCC/lol-jclient - KolakCC_lol-jclient - KolakCC/lol-jclient
    No build files found!
https://api.github.com/repos/DSteve595/AccountSuggestTextView - DSteve595_AccountSuggestTextView - DSteve595/AccountSuggestTextView
    No build files found!
https://api.github.com/repos/Morlunk/Plumble - Morlunk_Plumble - Morlunk/Plumble
    app/build.gradle
    build.gradle
https://api.github.com/repos/Red5/red5-server - Red5_red5-server - Red5/red5-server
    pom.xml
https://api.github.com/repos/salendron/BestLocationProvider-Android - salendron_BestLocationProvider-Android - salendron/BestLocationProvider-Android
    No build files found!
https://api.github.com/repos/jzplusplus/GlassWifiConnect - jzplusplus_GlassWifiConnect - jzplusplus/GlassWifiConnect
    No build files found!
https://api.github.com/repos/tommy351/ehreader-android - tommy351_ehreader-android - tommy351/ehreader-android
    DaoGenerator/build.gradle
    build.gradle
    ehreader/build.gradle
https://api.github.com/repos/christocracy/cordova-plugin-background-geolocation - christocracy_cordova-plugin-background-geolocation - christocracy/cordova-plugin-background-geolocation
    No build files found!
https://api.github.com/repos/109021017/GridViewPager - 109021017_GridViewPager - 109021017/GridViewPager
    No build files found!
https://api.github.com/repos/TriggerTrap/SeekArc - TriggerTrap_SeekArc - TriggerTrap/SeekArc
    No build files found!
https://api.github.com/repos/jrstarke/webview-debug - jrstarke_webview-debug - jrstarke/webview-debug
    No build files found!
https://api.github.com/repos/KTachibanaM/cloudemoji - KTachibanaM_cloudemoji - KTachibanaM/cloudemoji
    CloudEmoji/build.gradle
    build.gradle
https://api.github.com/repos/KimShen/sissi - KimShen_sissi - KimShen/sissi
    pom.xml
https://api.github.com/repos/MASAILA/V2EX-Android - MASAILA_V2EX-Android - MASAILA/V2EX-Android
    No build files found!
https://api.github.com/repos/pettarin/epub3reader - pettarin_epub3reader - pettarin/epub3reader
    No build files found!
https://api.github.com/repos/mariosangiorgio/RateMyApp - mariosangiorgio_RateMyApp - mariosangiorgio/RateMyApp
    build.gradle
Totalresults: 484
https://api.github.com/repos/RomainPiel/meatspace-android - RomainPiel_meatspace-android - RomainPiel/meatspace-android
    Meatspace/build.gradle
    build.gradle
https://api.github.com/repos/diegocarloslima/FloatingGroupExpandableListView - diegocarloslima_FloatingGroupExpandableListView - diegocarloslima/FloatingGroupExpandableListView
    No build files found!
https://api.github.com/repos/omnirom/android_frameworks_base - omnirom_android_frameworks_base - omnirom/android_frameworks_base
    No build files found!
https://api.github.com/repos/agibsonccc/java-deeplearning - agibsonccc_java-deeplearning - agibsonccc/java-deeplearning
    deeplearning4j-core/pom.xml
    deeplearning4j-distribution/pom.xml
    deeplearning4j-examples/pom.xml
    deeplearning4j-hadoop/pom.xml
    deeplearning4j-instrumentation/pom.xml
    deeplearning4j-scaleout/deeplearning4j-aws/pom.xml
    deeplearning4j-scaleout/deeplearning4j-scaleout-akka-word2vec/pom.xml
    deeplearning4j-scaleout/deeplearning4j-scaleout-akka/pom.xml
    deeplearning4j-scaleout/deeplearning4j-scaleout-api/pom.xml
    deeplearning4j-scaleout/deeplearning4j-scaleout-core/pom.xml
    deeplearning4j-scaleout/deeplearning4j-scaleout-zookeeper/pom.xml
    deeplearning4j-scaleout/pom.xml
    pom.xml
https://api.github.com/repos/justinmwarner/GestureTutorial - justinmwarner_GestureTutorial - justinmwarner/GestureTutorial
    No build files found!
https://api.github.com/repos/threerings/getdown - threerings_getdown - threerings/getdown
    pom.xml
    build.xml
https://api.github.com/repos/javaee-samples/javaee7-hol - javaee-samples_javaee7-hol - javaee-samples/javaee7-hol
    solution/movieplex7/pom.xml
    starting-template/movieplex7/pom.xml
https://api.github.com/repos/ggp-org/ggp-base - ggp-org_ggp-base - ggp-org/ggp-base
    build.xml
https://api.github.com/repos/briandilley/jsonrpc4j - briandilley_jsonrpc4j - briandilley/jsonrpc4j
    pom.xml
https://api.github.com/repos/googleads/aw-reporting - googleads_aw-reporting - googleads/aw-reporting
    aw-report-model/pom.xml
    aw-reporting/pom.xml
    examples/kratubackend/pom.xml
    pom.xml
https://api.github.com/repos/JetBrains/jetpad-projectional - JetBrains_jetpad-projectional - JetBrains/jetpad-projectional
    cell/pom.xml
    completion/pom.xml
    dataflow/pom.xml
    demo/pom.xml
    diagram/pom.xml
    domUtil/pom.xml
    event/pom.xml
    grammar/pom.xml
    hybrid/pom.xml
    pom.xml
    projectional/pom.xml
    view/pom.xml
https://api.github.com/repos/ex3ndr/telegram-tl-core - ex3ndr_telegram-tl-core - ex3ndr/telegram-tl-core
    build.gradle
https://api.github.com/repos/randdusing/BluetoothLE - randdusing_BluetoothLE - randdusing/BluetoothLE
    No build files found!
https://api.github.com/repos/HubSpot/Singularity - HubSpot_Singularity - HubSpot/Singularity
    SingularityBase/pom.xml
    SingularityClient/pom.xml
    SingularityService/pom.xml
    pom.xml
https://api.github.com/repos/tinkerpop/tinkerpop3 - tinkerpop_tinkerpop3 - tinkerpop/tinkerpop3
    giraph-gremlin/pom.xml
    gremlin-algorithm/pom.xml
    gremlin-core/pom.xml
    gremlin-groovy/pom.xml
    gremlin-server/pom.xml
    gremlin-test/pom.xml
    neo4j-gremlin/pom.xml
    pom.xml
    tinkergraph-gremlin/pom.xml
https://api.github.com/repos/mvglasow/satstat - mvglasow_satstat - mvglasow/satstat
    No build files found!
https://api.github.com/repos/Azanor/thaumcraft-api - Azanor_thaumcraft-api - Azanor/thaumcraft-api
    No build files found!
https://api.github.com/repos/dbankier/TiDialogs - dbankier_TiDialogs - dbankier/TiDialogs
    build.xml
https://api.github.com/repos/grundid/host-card-emulation-sample - grundid_host-card-emulation-sample - grundid/host-card-emulation-sample
    No build files found!
https://api.github.com/repos/droidcon/iosched - droidcon_iosched - droidcon/iosched
    No build files found!
https://api.github.com/repos/dactiv/base-framework - dactiv_base-framework - dactiv/base-framework
    dactiv-common/pom.xml
    dactiv-orm/pom.xml
    dactiv-parent/pom.xml
    pom.xml
    showcase/base-curd/pom.xml
https://api.github.com/repos/lizhenghuan/andtools - lizhenghuan_andtools - lizhenghuan/andtools
    No build files found!
https://api.github.com/repos/TomasMikula/ReactFX - TomasMikula_ReactFX - TomasMikula/ReactFX
    build.gradle
    reactfx-demos/build.gradle
    reactfx/build.gradle
https://api.github.com/repos/GoogleChrome/chromium-webview-samples - GoogleChrome_chromium-webview-samples - GoogleChrome/chromium-webview-samples
    No build files found!
https://api.github.com/repos/Fedott/WebStormRequireJsPlugin - Fedott_WebStormRequireJsPlugin - Fedott/WebStormRequireJsPlugin
    No build files found!
https://api.github.com/repos/Red5/red5-io - Red5_red5-io - Red5/red5-io
    pom.xml
https://api.github.com/repos/CyanogenMod/android_external_whispersystems_WhisperPush - CyanogenMod_android_external_whispersystems_WhisperPush - CyanogenMod/android_external_whispersystems_WhisperPush
    No build files found!
https://api.github.com/repos/scireum/parsii - scireum_parsii - scireum/parsii
    build/pom.xml
    build/build.xml
https://api.github.com/repos/codelibs/elasticsearch-river-web - codelibs_elasticsearch-river-web - codelibs/elasticsearch-river-web
    pom.xml
https://api.github.com/repos/feelinglucky/Presentation - feelinglucky_Presentation - feelinglucky/Presentation
    No build files found!
https://api.github.com/repos/googleglass/gdk-timer-sample - googleglass_gdk-timer-sample - googleglass/gdk-timer-sample
    No build files found!
https://api.github.com/repos/ripple/ripple-lib-java - ripple_ripple-lib-java - ripple/ripple-lib-java
    pom.xml
    ripple-bouncycastle/pom.xml
    ripple-client-transports/pom.xml
    ripple-client-transports/ripple-client-java-websocket-transport/pom.xml
    ripple-client/pom.xml
    ripple-core/pom.xml
    ripple-examples/pom.xml
    ripple-examples/ripple-android/pom.xml
    ripple-examples/ripple-cli/pom.xml
https://api.github.com/repos/VandalSoftware/stalker - VandalSoftware_stalker - VandalSoftware/stalker
    build.gradle
    tests/single-android-library/build.gradle
    tests/single-android/build.gradle
    tests/single/build.gradle
https://api.github.com/repos/Netflix/aegisthus - Netflix_aegisthus - Netflix/aegisthus
    build.gradle
https://api.github.com/repos/denimgroup/threadfix - denimgroup_threadfix - denimgroup/threadfix
    threadfix-cli/pom.xml
    threadfix-main/pom.xml
    threadfix-upgrade/hsql-upgrade/pom.xml
    threadfix-upgrade/mysql-upgrade/pom.xml
https://api.github.com/repos/MathiasSeguy-Android2EE/GDirectionsApiUtils - MathiasSeguy-Android2EE_GDirectionsApiUtils - MathiasSeguy-Android2EE/GDirectionsApiUtils
    No build files found!
https://api.github.com/repos/yccheok/jstock - yccheok_jstock - yccheok/jstock
    build.xml
https://api.github.com/repos/mgreau/javaee7-websocket - mgreau_javaee7-websocket - mgreau/javaee7-websocket
    pom.xml
https://api.github.com/repos/stealthly/scala-cassandra - stealthly_scala-cassandra - stealthly/scala-cassandra
    thrift/pom.xml
https://api.github.com/repos/w9jds/Gallery4Glass - w9jds_Gallery4Glass - w9jds/Gallery4Glass
    build.xml
https://api.github.com/repos/xautlx/12306-hunter - xautlx_12306-hunter - xautlx/12306-hunter
    pom.xml
https://api.github.com/repos/uaihebert/uaicontacts - uaihebert_uaicontacts - uaihebert/uaicontacts
    pom.xml
https://api.github.com/repos/jjenkov/parsers-in-java - jjenkov_parsers-in-java - jjenkov/parsers-in-java
    No build files found!
https://api.github.com/repos/BarcodeEye/BarcodeEye - BarcodeEye_BarcodeEye - BarcodeEye/BarcodeEye
    build.xml
https://api.github.com/repos/ssomai/ScalableLayout - ssomai_ScalableLayout - ssomai/ScalableLayout
    ScalableLayout/build.xml
https://api.github.com/repos/MohammadAG/Xposed-Tinted-Status-Bar - MohammadAG_Xposed-Tinted-Status-Bar - MohammadAG/Xposed-Tinted-Status-Bar
    No build files found!
https://api.github.com/repos/indeedeng/proctor - indeedeng_proctor - indeedeng/proctor
    pom.xml
    proctor-ant-plugin/pom.xml
    proctor-builder/pom.xml
    proctor-codegen-test/pom.xml
    proctor-codegen/pom.xml
    proctor-common/pom.xml
    proctor-consumer/pom.xml
    proctor-maven-plugin/pom.xml
    proctor-store-svn/pom.xml
    proctor-store/pom.xml
    proctor-tomcat-deps-provided/pom.xml
    proctor-tomcat-deps/pom.xml
https://api.github.com/repos/torakiki/pdfsam - torakiki_pdfsam - torakiki/pdfsam
    pdfsam-core/pom.xml
    pdfsam-fx/pom.xml
    pdfsam-gui/pom.xml
    pdfsam-i18n/pom.xml
    pdfsam-merge/pom.xml
    pdfsam-parent/pom.xml
    pdfsam-service/pom.xml
    pom.xml
https://api.github.com/repos/lyft/reactive-http - lyft_reactive-http - lyft/reactive-http
    pom.xml
https://api.github.com/repos/bruno-medeiros/DDT - bruno-medeiros_DDT - bruno-medeiros/DDT
    pom.xml
    releng/ddt-product/pom.xml
    releng/repository/pom.xml
https://api.github.com/repos/jnode/jnode - jnode_jnode - jnode/jnode
    all/build.xml
    builder/build.xml
    cli/build.xml
    core/build.xml
    distr/build.xml
    fs/build.xml
    gui/build.xml
    net/build.xml
    netbeans/nbbuild.xml
    shell/build.xml
    sound/build.xml
    textui/build.xml
https://api.github.com/repos/databricks/simr - databricks_simr - databricks/simr
    build.xml
https://api.github.com/repos/TomasMikula/RichTextFX - TomasMikula_RichTextFX - TomasMikula/RichTextFX
    build.gradle
    richtextfx-demos/build.gradle
    richtextfx/build.gradle
https://api.github.com/repos/Hive2Hive/Hive2Hive - Hive2Hive_Hive2Hive - Hive2Hive/Hive2Hive
    pom.xml
https://api.github.com/repos/smola/galimatias - smola_galimatias - smola/galimatias
    pom.xml
https://api.github.com/repos/kuujo/via - kuujo_via - kuujo/via
    No build files found!
https://api.github.com/repos/Red5/red5-client - Red5_red5-client - Red5/red5-client
    pom.xml
https://api.github.com/repos/iChun/Sync - iChun_Sync - iChun/Sync
    No build files found!
https://api.github.com/repos/analytically/innerbuilder - analytically_innerbuilder - analytically/innerbuilder
    pom.xml
https://api.github.com/repos/cloverstudio/Spika-Android - cloverstudio_Spika-Android - cloverstudio/Spika-Android
    No build files found!
https://api.github.com/repos/geir54/android-sqrl - geir54_android-sqrl - geir54/android-sqrl
    android-sqrl/build.gradle
    build.gradle
https://api.github.com/repos/rezendi/scanvine-android - rezendi_scanvine-android - rezendi/scanvine-android
    No build files found!
https://api.github.com/repos/harrywye/gdkdemo - harrywye_gdkdemo - harrywye/gdkdemo
    apidemo/build.gradle
    apidemo/camerademo/build.gradle
    apidemo/gesturedemo/build.gradle
    apidemo/livecarddemo/build.gradle
    apidemo/livecarddemo2/build.gradle
    apidemo/livecarddemo3/build.gradle
    apidemo/locationdemo/build.gradle
    apidemo/sensordemo/build.gradle
    apidemo/sensordemo/environmentalsensordemo/build.gradle
    apidemo/sensordemo/motionsensordemo/build.gradle
    apidemo/sensordemo/positionsensordemo/build.gradle
    apidemo/timelinedemo/build.gradle
    apidemo/timelinedemo/staticcarddemo/build.gradle
    apidemo/timelinedemo/staticcarddemo2/build.gradle
    apidemo/voicedemo/build.gradle
    apidemo/voicedemo2/build.gradle
    apidemo/windowdemo/build.gradle
    apidemo/windowdemo/menudemo/build.gradle
https://api.github.com/repos/ianhanniballake/LocalStorage - ianhanniballake_LocalStorage - ianhanniballake/LocalStorage
    LocalStorage/build.gradle
    build.gradle
https://api.github.com/repos/androidzhaoxiaogang/rocket - androidzhaoxiaogang_rocket - androidzhaoxiaogang/rocket
    No build files found!
https://api.github.com/repos/PaintDotJava/Paint - PaintDotJava_Paint - PaintDotJava/Paint
    No build files found!
https://api.github.com/repos/Microsoft-CISL/REEF - Microsoft-CISL_REEF - Microsoft-CISL/REEF
    pom.xml
    reef-annotations/pom.xml
    reef-checkpoint/pom.xml
    reef-common/pom.xml
    reef-examples/pom.xml
    reef-io/pom.xml
    reef-runtime-local/pom.xml
    reef-runtime-yarn/pom.xml
    reef-tests/pom.xml
https://api.github.com/repos/kiranreddykasa/springrest-angularjs - kiranreddykasa_springrest-angularjs - kiranreddykasa/springrest-angularjs
    pom.xml
https://api.github.com/repos/EddyVerbruggen/LaunchMyApp-PhoneGap-Plugin - EddyVerbruggen_LaunchMyApp-PhoneGap-Plugin - EddyVerbruggen/LaunchMyApp-PhoneGap-Plugin
    No build files found!
https://api.github.com/repos/flavienlaurent/flavienlaurent - flavienlaurent_flavienlaurent - flavienlaurent/flavienlaurent
    No build files found!
https://api.github.com/repos/splinterbotnet/Version - splinterbotnet_Version - splinterbotnet/Version
    No build files found!
https://api.github.com/repos/HotswapProjects/HotswapAgent - HotswapProjects_HotswapAgent - HotswapProjects/HotswapAgent
    ELResolverPlugin/pom.xml
    HibernatePlugin/pom.xml
    HotswapAgent/pom.xml
    JettyPlugin/pom.xml
    JsfPlugin/pom.xml
    LogbackPlugin/pom.xml
    SeamPlugin/pom.xml
    SpringPlugin/pom.xml
    TomcatPlugin/pom.xml
    ZkPlugin/pom.xml
    distribution/pom.xml
    pom.xml
https://api.github.com/repos/adnan-SM/CardUI - adnan-SM_CardUI - adnan-SM/CardUI
    No build files found!
https://api.github.com/repos/LarsWerkman/LicenseView - LarsWerkman_LicenseView - LarsWerkman/LicenseView
    build.gradle
https://api.github.com/repos/andrewhr/rxjava-android-example - andrewhr_rxjava-android-example - andrewhr/rxjava-android-example
    app/build.gradle
    build.gradle
https://api.github.com/repos/diegocarloslima/ByakuGallery - diegocarloslima_ByakuGallery - diegocarloslima/ByakuGallery
    No build files found!
https://api.github.com/repos/suhyunjeon/ankus - suhyunjeon_ankus - suhyunjeon/ankus
    core/pom.xml
    generate/pom.xml
    pom.xml
https://api.github.com/repos/clementine-player/Android-Remote - clementine-player_Android-Remote - clementine-player/Android-Remote
    build.gradle
https://api.github.com/repos/PC-Logix/LanteaCraft - PC-Logix_LanteaCraft - PC-Logix/LanteaCraft
    build.gradle
    build.xml
https://api.github.com/repos/artem-zinnatullin/dev-null-android - artem-zinnatullin_dev-null-android - artem-zinnatullin/dev-null-android
    Devnull/build.gradle
    build.gradle
https://api.github.com/repos/stbachmann/JarWrapper - stbachmann_JarWrapper - stbachmann/JarWrapper
    No build files found!
https://api.github.com/repos/smpete/PushDontPoll - smpete_PushDontPoll - smpete/PushDontPoll
    PushDontPoll-AppEngine/pom.xml
    PushDontPoll-endpoints/src/endpoint-src/java/pom.xml
    PushDontPoll-AppEngine/build.gradle
    PushDontPoll-endpoints/build.gradle
    PushDontPoll/build.gradle
    build.gradle
https://api.github.com/repos/PhilipsHue/PhilipsHueSDK-Java-MultiPlatform-Android - PhilipsHue_PhilipsHueSDK-Java-MultiPlatform-Android - PhilipsHue/PhilipsHueSDK-Java-MultiPlatform-Android
    No build files found!
https://api.github.com/repos/RamosLi/dbay-apns-for-java - RamosLi_dbay-apns-for-java - RamosLi/dbay-apns-for-java
    pom.xml
https://api.github.com/repos/wuyexiong/android-youtube-drag-layout - wuyexiong_android-youtube-drag-layout - wuyexiong/android-youtube-drag-layout
    build.gradle
https://api.github.com/repos/kwhat/jnativehook - kwhat_jnativehook - kwhat/jnativehook
    build.xml
https://api.github.com/repos/StevenRudenko/BleSensorTag - StevenRudenko_BleSensorTag - StevenRudenko/BleSensorTag
    No build files found!
https://api.github.com/repos/facebook/hive-dwrf - facebook_hive-dwrf - facebook/hive-dwrf
    hive-dwrf-shims/pom.xml
    hive-dwrf/pom.xml
    pom.xml
https://api.github.com/repos/awslabs/amazon-kinesis-client - awslabs_amazon-kinesis-client - awslabs/amazon-kinesis-client
    pom.xml
https://api.github.com/repos/askerov/DynamicGrid - askerov_DynamicGrid - askerov/DynamicGrid
    No build files found!
https://api.github.com/repos/zhaoqp2010/andbase - zhaoqp2010_andbase - zhaoqp2010/andbase
    No build files found!
https://api.github.com/repos/jDramaix/gss - jDramaix_gss - jDramaix/gss
    No build files found!
https://api.github.com/repos/torryharris/TH-ProgressButton - torryharris_TH-ProgressButton - torryharris/TH-ProgressButton
    No build files found!
https://api.github.com/repos/saulmm/android_sign_in_sample - saulmm_android_sign_in_sample - saulmm/android_sign_in_sample
    Android_sign_in_sample/build.gradle
    build.gradle
https://api.github.com/repos/twilio/wiztowar - twilio_wiztowar - twilio/wiztowar
    pom.xml
https://api.github.com/repos/justindriggers/Glass-Launcher - justindriggers_Glass-Launcher - justindriggers/Glass-Launcher
    No build files found!
https://api.github.com/repos/miguelfreitas/twister-webview-app - miguelfreitas_twister-webview-app - miguelfreitas/twister-webview-app
    build.xml
https://api.github.com/repos/apotapov/gdx-artemis - apotapov_gdx-artemis - apotapov/gdx-artemis
    pom.xml
https://api.github.com/repos/MSOpenTech/azure-activedirectory-library-for-android - MSOpenTech_azure-activedirectory-library-for-android - MSOpenTech/azure-activedirectory-library-for-android
    adal/pom.xml
    pom.xml
    samples/testapp/pom.xml
    samples/webapi/pom.xml
    tests/Functional/pom.xml
    adal/build.xml
    samples/testapp/build.xml
    samples/webapi/build.xml
    tests/Functional/build.xml
https://api.github.com/repos/warriordog/BlazeLoader - warriordog_BlazeLoader - warriordog/BlazeLoader
    No build files found!
Totalresults: 484
https://api.github.com/repos/TheInvader360/libgdx-gameservices-tutorial - TheInvader360_libgdx-gameservices-tutorial - TheInvader360/libgdx-gameservices-tutorial
    No build files found!
https://api.github.com/repos/BaiduQA/terminator - BaiduQA_terminator - BaiduQA/terminator
    build.xml
https://api.github.com/repos/ZackFreedman/Voidstar-AutoHud - ZackFreedman_Voidstar-AutoHud - ZackFreedman/Voidstar-AutoHud
    No build files found!
https://api.github.com/repos/Trikke/progress-button - Trikke_progress-button - Trikke/progress-button
    build.xml
https://api.github.com/repos/harism/android_anndblur - harism_android_anndblur - harism/android_anndblur
    No build files found!
https://api.github.com/repos/brsanthu/google-analytics-java - brsanthu_google-analytics-java - brsanthu/google-analytics-java
    pom.xml
https://api.github.com/repos/warriordog/BlazeLoader - warriordog_BlazeLoader - warriordog/BlazeLoader
    Skipping...
https://api.github.com/repos/paulhoule/centipede - paulhoule_centipede - paulhoule/centipede
    centipede-archetype/pom.xml
    centipede-archetype/src/main/filtered/archetype-resources/pom.xml
    centipede/pom.xml
    pom.xml
https://api.github.com/repos/mfinkle/geckobrowser - mfinkle_geckobrowser - mfinkle/geckobrowser
    No build files found!
https://api.github.com/repos/OpenMods/OpenModsLib - OpenMods_OpenModsLib - OpenMods/OpenModsLib
    build.xml
https://api.github.com/repos/Tanaguru/Contrast-Finder - Tanaguru_Contrast-Finder - Tanaguru/Contrast-Finder
    color-finder-api/pom.xml
    color-finder-factory-impl/pom.xml
    color-finder-hsv/pom.xml
    color-finder-impl/pom.xml
    color-finder-utils/pom.xml
    color-finder-webapp/pom.xml
    pom.xml
https://api.github.com/repos/h3xstream/http-script-generator - h3xstream_http-script-generator - h3xstream/http-script-generator
    burp-api/pom.xml
    pom.xml
    scriptgen-burp-plugin/pom.xml
    scriptgen-core/pom.xml
    scriptgen-zap-plugin/pom.xml
https://api.github.com/repos/welcu/zxingfragmentlib - welcu_zxingfragmentlib - welcu/zxingfragmentlib
    build.gradle
    library/build.gradle
    sample/build.gradle
https://api.github.com/repos/percyliang/sempre - percyliang_sempre - percyliang/sempre
    No build files found!
https://api.github.com/repos/mikehearn/PayFile - mikehearn_PayFile - mikehearn/PayFile
    pom.xml
https://api.github.com/repos/nolanlawson/SuperSaiyanScrollView - nolanlawson_SuperSaiyanScrollView - nolanlawson/SuperSaiyanScrollView
    build.gradle
    examples/countries/build.gradle
    examples/pokemon/build.gradle
    supersaiyan-scrollview/build.gradle
https://api.github.com/repos/Haehnchen/idea-php-annotation-plugin - Haehnchen_idea-php-annotation-plugin - Haehnchen/idea-php-annotation-plugin
    No build files found!
https://api.github.com/repos/ysc/search-demo - ysc_search-demo - ysc/search-demo
    pom.xml
https://api.github.com/repos/azharb/HelloGlass - azharb_HelloGlass - azharb/HelloGlass
    build.xml
https://api.github.com/repos/JesseGu/SinVoice - JesseGu_SinVoice - JesseGu/SinVoice
    No build files found!
https://api.github.com/repos/ShakeJ/Android-Caffeine-library - ShakeJ_Android-Caffeine-library - ShakeJ/Android-Caffeine-library
    No build files found!
https://api.github.com/repos/yandex-disk/yandex-disk-sdk-java - yandex-disk_yandex-disk-sdk-java - yandex-disk/yandex-disk-sdk-java
    build.gradle
    yandex-disk-sdk-example/build.gradle
    yandex-disk-sdk/build.gradle
    yandex-disk-sdk-example/build.xml
    yandex-disk-sdk/build.xml
https://api.github.com/repos/OpenHFT/TransFIX - OpenHFT_TransFIX - OpenHFT/TransFIX
    fix-sandbox/compiler/pom.xml
    fix-sandbox/framework/pom.xml
    fix-sandbox/model/pom.xml
    fix-sandbox/pom.xml
    fix-sandbox/schema/pom.xml
    fix-sandbox/transport/pom.xml
    pom.xml
https://api.github.com/repos/maciejmiklas/cyclop - maciejmiklas_cyclop - maciejmiklas/cyclop
    pom.xml
https://api.github.com/repos/bechte/junit-hierarchicalcontextrunner - bechte_junit-hierarchicalcontextrunner - bechte/junit-hierarchicalcontextrunner
    No build files found!
https://api.github.com/repos/rauix/mac2imgur - rauix_mac2imgur - rauix/mac2imgur
    pom.xml
https://api.github.com/repos/devadvance/circularseekbar - devadvance_circularseekbar - devadvance/circularseekbar
    No build files found!
https://api.github.com/repos/koush/MediaRouterSample - koush_MediaRouterSample - koush/MediaRouterSample
    build.xml
https://api.github.com/repos/haosdent/jcgroup - haosdent_jcgroup - haosdent/jcgroup
    pom.xml
https://api.github.com/repos/licel/jcardsim - licel_jcardsim - licel/jcardsim
    pom.xml
https://api.github.com/repos/skadistats/clarity - skadistats_clarity - skadistats/clarity
    pom.xml
https://api.github.com/repos/GeneralElectric/snowizard-discovery - GeneralElectric_snowizard-discovery - GeneralElectric/snowizard-discovery
    pom.xml
https://api.github.com/repos/FINRAOS/JTAF-ExtWebDriver - FINRAOS_JTAF-ExtWebDriver - FINRAOS/JTAF-ExtWebDriver
    pom.xml
https://api.github.com/repos/googleads/googleads-java-lib - googleads_googleads-java-lib - googleads/googleads-java-lib
    examples/adwords_axis/pom.xml
    examples/adwords_axis_utility_extension/pom.xml
    examples/adxbuyer_axis/pom.xml
    examples/dfa_axis/pom.xml
    examples/dfp_axis/pom.xml
    modules/ads_lib/pom.xml
    modules/ads_lib_appengine/pom.xml
    modules/ads_lib_axis/pom.xml
    modules/adwords_appengine/pom.xml
    modules/adwords_axis/pom.xml
    modules/adwords_axis_utility_extension/pom.xml
    modules/dfa_axis/pom.xml
    modules/dfp_appengine/pom.xml
    modules/dfp_axis/pom.xml
    modules/tools/pom.xml
    pom.xml
    modules/adwords_appengine/build.xml
    modules/adwords_axis/build.xml
    modules/dfa_axis/build.xml
    modules/dfp_appengine/build.xml
    modules/dfp_axis/build.xml
https://api.github.com/repos/slightfoot/android-animatedscaledrawable - slightfoot_android-animatedscaledrawable - slightfoot/android-animatedscaledrawable
    No build files found!
https://api.github.com/repos/yahoo/storm-perf-test - yahoo_storm-perf-test - yahoo/storm-perf-test
    pom.xml
https://api.github.com/repos/RadiusNetworks/android-ibeacon-reference - RadiusNetworks_android-ibeacon-reference - RadiusNetworks/android-ibeacon-reference
    No build files found!
https://api.github.com/repos/hauckwill/linconnect-client - hauckwill_linconnect-client - hauckwill/linconnect-client
    No build files found!
https://api.github.com/repos/ThoughtWorksAustralia/AndroidBootcampProject - ThoughtWorksAustralia_AndroidBootcampProject - ThoughtWorksAustralia/AndroidBootcampProject
    AndroidBootcamp/build.gradle
    AndroidBootcampTest/build.gradle
    build.gradle
https://api.github.com/repos/TheBigS/SQRL - TheBigS_SQRL - TheBigS/SQRL
    build.gradle
https://api.github.com/repos/GoogleCloudPlatform/solutions-google-compute-engine-orchestrator - GoogleCloudPlatform_solutions-google-compute-engine-orchestrator - GoogleCloudPlatform/solutions-google-compute-engine-orchestrator
    statuspublisher/build.xml
https://api.github.com/repos/alexec/thread-jiggler - alexec_thread-jiggler - alexec/thread-jiggler
    pom.xml
    thread-jiggler-core/pom.xml
    thread-jiggler-test/pom.xml
https://api.github.com/repos/domi007/silentSMS - domi007_silentSMS - domi007/silentSMS
    No build files found!
https://api.github.com/repos/Ghedeon/ADB-Uninstall - Ghedeon_ADB-Uninstall - Ghedeon/ADB-Uninstall
    No build files found!
https://api.github.com/repos/OpenHFT/Java-Runtime-Compiler - OpenHFT_Java-Runtime-Compiler - OpenHFT/Java-Runtime-Compiler
    compiler/pom.xml
    pom.xml
https://api.github.com/repos/greengerong/prerender-java - greengerong_prerender-java - greengerong/prerender-java
    demo/pom.xml
    pom.xml
https://api.github.com/repos/ricardoalcocer/actionbarextras - ricardoalcocer_actionbarextras - ricardoalcocer/actionbarextras
    build.xml
https://api.github.com/repos/altamiracorp/lumify - altamiracorp_lumify - altamiracorp/lumify
    lumify-core/pom.xml
    lumify-fs-hdfs/pom.xml
    lumify-model-bigtable-queue/pom.xml
    lumify-model-kafka/pom.xml
    lumify-ontology-dev/pom.xml
    lumify-sql/pom.xml
    lumify-storm/pom.xml
    lumify-tools/lumify-import/pom.xml
    lumify-tools/lumify-useradd/pom.xml
    lumify-tools/lumify-version-inspector/pom.xml
    lumify-tools/pom.xml
    lumify-web-dev-tools/pom.xml
    lumify-web-server/lumify-jetty-server/pom.xml
    lumify-web-server/lumify-tomcat-server/pom.xml
    lumify-web-server/lumify-web-server-base/pom.xml
    lumify-web-server/pom.xml
    lumify-web-war/pom.xml
    lumify-web/pom.xml
    pom.xml
https://api.github.com/repos/apache/incubator-stratos - apache_incubator-stratos - apache/incubator-stratos
    components/pom.xml
    dependencies/pom.xml
    extensions/cep/stratos-cep-extension/pom.xml
    extensions/load-balancer/haproxy-extension/pom.xml
    extensions/load-balancer/pom.xml
    extensions/pom.xml
    features/autoscaler/pom.xml
    features/cloud-controller/pom.xml
    features/load-balancer/pom.xml
    features/manager/cartridge-mgt/pom.xml
    features/manager/common/pom.xml
    features/manager/deployment/pom.xml
    features/manager/gapp/pom.xml
    features/manager/logging-mgt/pom.xml
    features/manager/pom.xml
    features/manager/status-monitor/pom.xml
    features/manager/stratos-mgt/pom.xml
    features/manager/tenant-activity/pom.xml
    features/manager/tenant-mgt/pom.xml
    features/manager/throttling/pom.xml
    features/manager/usage/pom.xml
    features/messaging/pom.xml
    features/pom.xml
    pom.xml
    products/cartridge-agent/modules/distribution/pom.xml
    products/cartridge-agent/pom.xml
    products/load-balancer/modules/distribution/pom.xml
    products/load-balancer/modules/integration/pom.xml
    products/load-balancer/modules/p2-profile/pom.xml
    products/load-balancer/pom.xml
    products/pom.xml
    products/stratos-cli/distribution/pom.xml
    products/stratos-cli/pom.xml
    products/stratos/modules/distribution/pom.xml
    products/stratos/modules/integration/pom.xml
    products/stratos/modules/p2-profile-gen/pom.xml
    products/stratos/pom.xml
    products/stratos/resources/cloud-services-icons/pom.xml
    service-stubs/pom.xml
https://api.github.com/repos/emil10001/AndroidSerialSQL - emil10001_AndroidSerialSQL - emil10001/AndroidSerialSQL
    build.gradle
https://api.github.com/repos/f2prateek/android-cloak - f2prateek_android-cloak - f2prateek/android-cloak
    build.gradle
    cloak-sample/build.gradle
    cloak/build.gradle
https://api.github.com/repos/andytill/floaty-field - andytill_floaty-field - andytill/floaty-field
    pom.xml
https://api.github.com/repos/niwibe/jnanomsg - niwibe_jnanomsg - niwibe/jnanomsg
    No build files found!
https://api.github.com/repos/johtani/elasticsearch-extended-analyze - johtani_elasticsearch-extended-analyze - johtani/elasticsearch-extended-analyze
    pom.xml
https://api.github.com/repos/jfsso/nirai - jfsso_nirai - jfsso/nirai
    build.gradle
    library/build.gradle
    sample/build.gradle
https://api.github.com/repos/bitcasa/bitcasa-sdk-java - bitcasa_bitcasa-sdk-java - bitcasa/bitcasa-sdk-java
    pom.xml
https://api.github.com/repos/buildlackey/cep - buildlackey_cep - buildlackey/cep
    kafka/pom.xml
https://api.github.com/repos/Jimdo/gradle-apt-plugin - Jimdo_gradle-apt-plugin - Jimdo/gradle-apt-plugin
    build.gradle
    src/test/build-tests/android-project/build.gradle
    src/test/build-tests/java-project/build.gradle
https://api.github.com/repos/geosdi/GWT-OpenLayers - geosdi_GWT-OpenLayers - geosdi/GWT-OpenLayers
    gwt-openlayers-cas-server/pom.xml
    gwt-openlayers-client/pom.xml
    gwt-openlayers-server/pom.xml
    gwt-openlayers-showcase/pom.xml
    pom.xml
https://api.github.com/repos/railskarthi/TiMultiImagePicker - railskarthi_TiMultiImagePicker - railskarthi/TiMultiImagePicker
    build.xml
https://api.github.com/repos/Sotera/zephyr - Sotera_zephyr - Sotera/zephyr
    build.gradle
    zephyr-core/build.gradle
    zephyr-mapreduce/build.gradle
https://api.github.com/repos/freedomotic/freedomotic - freedomotic_freedomotic - freedomotic/freedomotic
    clients/freedomotic-gwt/pom.xml
    framework/freedomotic-core/pom.xml
    framework/freedomotic-model/pom.xml
    plugins/devices/arduino-remote-controller/pom.xml
    plugins/devices/arduino-weathershield/pom.xml
    plugins/devices/arduinousb/pom.xml
    plugins/devices/chat/pom.xml
    plugins/devices/daenetip2/pom.xml
    plugins/devices/devantech-eth-rly/pom.xml
    plugins/devices/flyport/pom.xml
    plugins/devices/freetts/pom.xml
    plugins/devices/frontend-java/pom.xml
    plugins/devices/gcalendar-events/pom.xml
    plugins/devices/google-speech/pom.xml
    plugins/devices/harvester/pom.xml
    plugins/devices/hello-world/pom.xml
    plugins/devices/hwg-ste/pom.xml
    plugins/devices/i2c/pom.xml
    plugins/devices/ipx800/pom.xml
    plugins/devices/isy99i/pom.xml
    plugins/devices/k8055/pom.xml
    plugins/devices/kmtronicusbrelay/pom.xml
    plugins/devices/mailer/pom.xml
    plugins/devices/massabus/pom.xml
    plugins/devices/media/pom.xml
    plugins/devices/modbus/pom.xml
    plugins/devices/onewire/pom.xml
    plugins/devices/openpicus-grove-system/pom.xml
    plugins/devices/openwebnet/pom.xml
    plugins/devices/phwswethv2/pom.xml
    plugins/devices/pioneer-kuro/pom.xml
    plugins/devices/powerbay-powermeter/pom.xml
    plugins/devices/progettihwsw-eth/pom.xml
    plugins/devices/restapi/pom.xml
    plugins/devices/room-events/pom.xml
    plugins/devices/souliss/pom.xml
    plugins/devices/speech-recognition/pom.xml
    plugins/devices/tcw122bcm/pom.xml
    plugins/devices/telecom/pom.xml
    plugins/devices/test/pom.xml
    plugins/devices/twilight/pom.xml
    plugins/devices/twitter/pom.xml
    plugins/devices/usb4relaybrd/pom.xml
    plugins/devices/webcam-motion/pom.xml
    plugins/devices/webserver/pom.xml
    plugins/devices/wifi-id/pom.xml
    plugins/devices/wireless-powermeter/pom.xml
    plugins/devices/x10/pom.xml
    plugins/devices/zibase/pom.xml
    plugins/devices/zway/pom.xml
    plugins/objects/base-objects/pom.xml
    plugins/objects/harvester-objects/pom.xml
    plugins/objects/hue-light/pom.xml
    plugins/objects/stepper-motor/pom.xml
    plugins/objects/tv/pom.xml
    pom.xml
    tools/freedomotic-marketplace/pom.xml
    tools/freedomotic-restapi-interfaces/pom.xml
    tools/freedomotic-restapi-test/pom.xml
    plugins/devices/harvester-chart/build.xml
https://api.github.com/repos/Spoutcraft/SpoutcraftMod - Spoutcraft_SpoutcraftMod - Spoutcraft/SpoutcraftMod
    build.gradle
https://api.github.com/repos/Pushwoosh/pushwoosh-sdk-samples - Pushwoosh_pushwoosh-sdk-samples - Pushwoosh/pushwoosh-sdk-samples
    AdobeAir/ANE-Pushwoosh/build/build.xml
https://api.github.com/repos/cartershanklin/hive-testbench - cartershanklin_hive-testbench - cartershanklin/hive-testbench
    tpcds-gen/pom.xml
https://api.github.com/repos/Codearte/jfairy - Codearte_jfairy - Codearte/jfairy
    build.gradle
https://api.github.com/repos/joelb-git/lqt - joelb-git_lqt - joelb-git/lqt
    pom.xml
https://api.github.com/repos/millennialmedia/intellibot - millennialmedia_intellibot - millennialmedia/intellibot
    No build files found!
https://api.github.com/repos/drshriveer/iTunesRemote - drshriveer_iTunesRemote - drshriveer/iTunesRemote
    No build files found!
https://api.github.com/repos/HolmesNL/kafka-spout - HolmesNL_kafka-spout - HolmesNL/kafka-spout
    pom.xml
https://api.github.com/repos/gbaldera/TiTouchGallery - gbaldera_TiTouchGallery - gbaldera/TiTouchGallery
    No build files found!
https://api.github.com/repos/steelkiwi/libGDX-Path-Editor - steelkiwi_libGDX-Path-Editor - steelkiwi/libGDX-Path-Editor
    build.xml
https://api.github.com/repos/stalk-io/stalk-server - stalk-io_stalk-server - stalk-io/stalk-server
    pom.xml
https://api.github.com/repos/mhidaka/EventApp - mhidaka_EventApp - mhidaka/EventApp
    2013Autumn/build.gradle
    2014Spring/build.gradle
    build.gradle
https://api.github.com/repos/BurgerZ/WSM-Project - BurgerZ_WSM-Project - BurgerZ/WSM-Project
    No build files found!
https://api.github.com/repos/yasuoza/HBFav-Android - yasuoza_HBFav-Android - yasuoza/HBFav-Android
    HBFav/build.gradle
    build.gradle
https://api.github.com/repos/jcabi/jcabi-github - jcabi_jcabi-github - jcabi/jcabi-github
    examples/search-repos/pom.xml
    pom.xml
    src/it/basic-usage/pom.xml
https://api.github.com/repos/abwaters/cryptsy-api - abwaters_cryptsy-api - abwaters/cryptsy-api
    No build files found!
https://api.github.com/repos/RuedigerMoeller/fast-serialization - RuedigerMoeller_fast-serialization - RuedigerMoeller/fast-serialization
    pom.xml
    build.gradle
https://api.github.com/repos/vladmihalcea/vladmihalcea - vladmihalcea_vladmihalcea - vladmihalcea/vladmihalcea
    No build files found!
https://api.github.com/repos/starforever/leet-code - starforever_leet-code - starforever/leet-code
    No build files found!
https://api.github.com/repos/DDRBoxman/Bluetooth-Manager-for-Glass - DDRBoxman_Bluetooth-Manager-for-Glass - DDRBoxman/Bluetooth-Manager-for-Glass
    build.gradle
https://api.github.com/repos/bsspirit/maven_mahout_template - bsspirit_maven_mahout_template - bsspirit/maven_mahout_template
    pom.xml
https://api.github.com/repos/grote/Liberario - grote_Liberario - grote/Liberario
    No build files found!
https://api.github.com/repos/kratorius/android-circleprogress - kratorius_android-circleprogress - kratorius/android-circleprogress
    build.gradle
    demo/build.gradle
    library/build.gradle
https://api.github.com/repos/limelight-stream/limelight-common - limelight-stream_limelight-common - limelight-stream/limelight-common
    No build files found!
https://api.github.com/repos/examplecode/gfw_dns_resolver - examplecode_gfw_dns_resolver - examplecode/gfw_dns_resolver
    No build files found!
https://api.github.com/repos/android-opensource-library-56/android-opensource-library-56 - android-opensource-library-56_android-opensource-library-56 - android-opensource-library-56/android-opensource-library-56
    No build files found!
https://api.github.com/repos/sys1yagi/ViewSticker - sys1yagi_ViewSticker - sys1yagi/ViewSticker
    ViewSticker/build.gradle
    ViewStickerSample/build.gradle
    build.gradle
https://api.github.com/repos/sourabh86/HashTagsAndroid - sourabh86_HashTagsAndroid - sourabh86/HashTagsAndroid
    No build files found!
https://api.github.com/repos/havarunner/havarunner - havarunner_havarunner - havarunner/havarunner
    No build files found!
https://api.github.com/repos/avianey/androidgendrawable-maven-plugin - avianey_androidgendrawable-maven-plugin - avianey/androidgendrawable-maven-plugin
    mojo/pom.xml
    sample/pom.xml
https://api.github.com/repos/davidkirwan/andchat - davidkirwan_andchat - davidkirwan/andchat
    No build files found!
https://api.github.com/repos/spotify/sparkey-java - spotify_sparkey-java - spotify/sparkey-java
    benchmark/pom.xml
    pom.xml
https://api.github.com/repos/anurag-dev1512/File_Quest - anurag-dev1512_File_Quest - anurag-dev1512/File_Quest
    build.gradle
https://api.github.com/repos/EsotericSoftware/yamlbeans - EsotericSoftware_yamlbeans - EsotericSoftware/yamlbeans
    pom.xml
https://api.github.com/repos/bartwell/ExFilePicker - bartwell_ExFilePicker - bartwell/ExFilePicker
    No build files found!
https://api.github.com/repos/geopaparazzi/geopaparazzi - geopaparazzi_geopaparazzi - geopaparazzi/geopaparazzi
    build.gradle
    geopaparazzilibrary/build.gradle
    geopaparazzimapsforge/build.gradle
    geopaparazzimarkerslib/build.gradle
    geopaparazzispatialitelibrary/build.gradle
    geopaparazzimapsforge/build.xml
    geopaparazzimarkerslib/build.xml
https://api.github.com/repos/missioncommand/mil-sym-java - missioncommand_mil-sym-java - missioncommand/mil-sym-java
    core/JavaLineArray/pom.xml
    core/JavaRenderer/pom.xml
    core/JavaRendererServer/pom.xml
    core/JavaRendererUtils/pom.xml
    core/pom.xml
    pom.xml
    renderer/RendererPluginInterface/pom.xml
    renderer/mil-sym-renderer/pom.xml
    renderer/pom.xml
    samples/pom.xml
    samples/rendering-sample-1/pom.xml
    service/mil-sym-service/pom.xml
    service/pom.xml
https://api.github.com/repos/Floobits/floobits-intellij - Floobits_floobits-intellij - Floobits/floobits-intellij
    No build files found!
Totalresults: 484
https://api.github.com/repos/kbsriram/typesetview - kbsriram_typesetview - kbsriram/typesetview
    No build files found!
https://api.github.com/repos/phishman3579/java-algorithms-implementation - phishman3579_java-algorithms-implementation - phishman3579/java-algorithms-implementation
    No build files found!
https://api.github.com/repos/s-u/rJava - s-u_rJava - s-u/rJava
    No build files found!
https://api.github.com/repos/Aloisius/hadoop-s3a - Aloisius_hadoop-s3a - Aloisius/hadoop-s3a
    pom.xml
https://api.github.com/repos/chute/photo-picker-plus-android - chute_photo-picker-plus-android - chute/photo-picker-plus-android
    No build files found!
https://api.github.com/repos/klarna/HiveRunner - klarna_HiveRunner - klarna/HiveRunner
    pom.xml
https://api.github.com/repos/jensjaeger/play4jpa - jensjaeger_play4jpa - jensjaeger/play4jpa
    No build files found!
https://api.github.com/repos/atlanmod/json-discoverer - atlanmod_json-discoverer - atlanmod/json-discoverer
    No build files found!
https://api.github.com/repos/4onni/elasticsearch-analysis-ansj - 4onni_elasticsearch-analysis-ansj - 4onni/elasticsearch-analysis-ansj
    pom.xml
https://api.github.com/repos/Sotera/distributed-louvain-modularity - Sotera_distributed-louvain-modularity - Sotera/distributed-louvain-modularity
    pom.xml
https://api.github.com/repos/jcabi/jcabi-aspects - jcabi_jcabi-aspects - jcabi/jcabi-aspects
    pom.xml
    src/it/weaving/pom.xml
https://api.github.com/repos/bingoohuang/eql - bingoohuang_eql - bingoohuang/eql
    pom.xml
https://api.github.com/repos/zhang-xzhi/simplehbase - zhang-xzhi_simplehbase - zhang-xzhi/simplehbase
    pom.xml
https://api.github.com/repos/anotheria/moskito - anotheria_moskito - anotheria/moskito
    moskito-aop/pom.xml
    moskito-core/pom.xml
    moskito-extensions/moskito-notification-providers/pom.xml
    moskito-extensions/pom.xml
    moskito-integration/moskito-cdi/pom.xml
    moskito-integration/moskito-ehcache/pom.xml
    moskito-integration/moskito-sql/pom.xml
    moskito-integration/moskito-webui-jersey/pom.xml
    moskito-integration/pom.xml
    moskito-web/pom.xml
    moskito-webui/pom.xml
    moskitominimal/pom.xml
    pom.xml
https://api.github.com/repos/kristijandraca/BackgroundMailLibrary - kristijandraca_BackgroundMailLibrary - kristijandraca/BackgroundMailLibrary
    No build files found!
https://api.github.com/repos/thorikawa/GlassRemote - thorikawa_GlassRemote - thorikawa/GlassRemote
    pom.xml
https://api.github.com/repos/t2v/guavapt - t2v_guavapt - t2v/guavapt
    build.gradle
https://api.github.com/repos/SmileWide/main - SmileWide_main - SmileWide/main
    pom.xml
https://api.github.com/repos/zombiepig333/Runic-Dust-Mod-v2 - zombiepig333_Runic-Dust-Mod-v2 - zombiepig333/Runic-Dust-Mod-v2
    build.gradle
https://api.github.com/repos/FasterXML/jackson-jr - FasterXML_jackson-jr - FasterXML/jackson-jr
    jr-all/pom.xml
    jr-objects/pom.xml
    pom.xml
https://api.github.com/repos/Armaxis/jmg - Armaxis_jmg - Armaxis/jmg
    No build files found!
https://api.github.com/repos/codesoup/android-cubic-bezier-interpolator - codesoup_android-cubic-bezier-interpolator - codesoup/android-cubic-bezier-interpolator
    No build files found!
https://api.github.com/repos/fillumina/PerformanceTools - fillumina_PerformanceTools - fillumina/PerformanceTools
    performance-tools-examples/pom.xml
    performance-tools-junit/pom.xml
    performance-tools/pom.xml
    pom.xml
https://api.github.com/repos/govu/govu - govu_govu - govu/govu
    No build files found!
https://api.github.com/repos/BennyQBD/Wolfenstein3DClone - BennyQBD_Wolfenstein3DClone - BennyQBD/Wolfenstein3DClone
    No build files found!
https://api.github.com/repos/AdamBien/loadr - AdamBien_loadr - AdamBien/loadr
    pom.xml
https://api.github.com/repos/over140/OPlayer - over140_OPlayer - over140/OPlayer
    No build files found!
https://api.github.com/repos/MarkMjw/PullToRefresh - MarkMjw_PullToRefresh - MarkMjw/PullToRefresh
    PullToRefresh/build.gradle
    build.gradle
https://api.github.com/repos/Vswe/ModJam3 - Vswe_ModJam3 - Vswe/ModJam3
    No build files found!
https://api.github.com/repos/seventh7/intellij-mybatis-plugin - seventh7_intellij-mybatis-plugin - seventh7/intellij-mybatis-plugin
    No build files found!
https://api.github.com/repos/markiewb/eclipsecodeformatter_for_netbeans - markiewb_eclipsecodeformatter_for_netbeans - markiewb/eclipsecodeformatter_for_netbeans
    No build files found!
https://api.github.com/repos/paul-hammant/ngWebDriver - paul-hammant_ngWebDriver - paul-hammant/ngWebDriver
    pom.xml
https://api.github.com/repos/vert-x/mod-redis - vert-x_mod-redis - vert-x/mod-redis
    build.gradle
    mod-client/build.gradle
    mod/build.gradle
https://api.github.com/repos/INRIA/spoon - INRIA_spoon - INRIA/spoon
    pom.xml
https://api.github.com/repos/jclehner/AppOpsXposed - jclehner_AppOpsXposed - jclehner/AppOpsXposed
    No build files found!
https://api.github.com/repos/omnirom/android_packages_apps_Settings - omnirom_android_packages_apps_Settings - omnirom/android_packages_apps_Settings
    No build files found!
https://api.github.com/repos/luisdelarosa/HelloGlass - luisdelarosa_HelloGlass - luisdelarosa/HelloGlass
    No build files found!
https://api.github.com/repos/kite-sdk/kite-examples - kite-sdk_kite-examples - kite-sdk/kite-examples
    dataset-compatibility/pom.xml
    dataset-hbase/pom.xml
    dataset-staging/pom.xml
    dataset/pom.xml
    demo/demo-core/pom.xml
    demo/demo-crunch/pom.xml
    demo/demo-logging-webapp/pom.xml
    demo/demo-oozie/pom.xml
    demo/demo-reports-webapp/pom.xml
    demo/pom.xml
    json/pom.xml
    kite-examples-morphlines/pom.xml
    logging-webapp/pom.xml
    logging/pom.xml
https://api.github.com/repos/Plazmaz/Agent7 - Plazmaz_Agent7 - Plazmaz/Agent7
    pom.xml
https://api.github.com/repos/peteroupc/CBOR - peteroupc_CBOR - peteroupc/CBOR
    No build files found!
https://api.github.com/repos/learnNcode/2DScroller - learnNcode_2DScroller - learnNcode/2DScroller
    No build files found!
https://api.github.com/repos/boilit/bsl - boilit_bsl - boilit/bsl
    pom.xml
https://api.github.com/repos/pmarches/jRippleAPI - pmarches_jRippleAPI - pmarches/jRippleAPI
    No build files found!
https://api.github.com/repos/durka/HallMonitor - durka_HallMonitor - durka/HallMonitor
    No build files found!
https://api.github.com/repos/matejdro/PebbleNotificationCenter-Android - matejdro_PebbleNotificationCenter-Android - matejdro/PebbleNotificationCenter-Android
    No build files found!
https://api.github.com/repos/betfair/cougar - betfair_cougar - betfair/cougar
    baseline-client/binaryclient-app/pom.xml
    baseline-client/client-app/pom.xml
    baseline-client/client-idd/pom.xml
    baseline-client/pom.xml
    baseline/baseline-app/pom.xml
    baseline/baseline-idd/pom.xml
    baseline/baseline-launch/pom.xml
    baseline/baseline-oldversionservice/pom.xml
    baseline/baseline-security/pom.xml
    baseline/pom.xml
    cougar-client/pom.xml
    cougar-codegen-plugin/pom.xml
    cougar-framework/activemq-transport/pom.xml
    cougar-framework/cougar-api/pom.xml
    cougar-framework/cougar-caching/pom.xml
    cougar-framework/cougar-config-bootstrap/pom.xml
    cougar-framework/cougar-core-api/pom.xml
    cougar-framework/cougar-core-impl/pom.xml
    cougar-framework/cougar-ev/pom.xml
    cougar-framework/cougar-marshalling-api/pom.xml
    cougar-framework/cougar-marshalling-impl/pom.xml
    cougar-framework/cougar-null-geoip-locator/pom.xml
    cougar-framework/cougar-standalone-ev/pom.xml
    cougar-framework/cougar-test-mocks/pom.xml
    cougar-framework/cougar-transport-api/pom.xml
    cougar-framework/cougar-transport-impl/pom.xml
    cougar-framework/cougar-util/pom.xml
    cougar-framework/jetty-transport/pom.xml
    cougar-framework/jms-transport/pom.xml
    cougar-framework/net-util/pom.xml
    cougar-framework/pom.xml
    cougar-framework/socket-transport/pom.xml
    cougar-health-service/cougar-health-service-app/pom.xml
    cougar-health-service/cougar-health-service-idd/pom.xml
    cougar-health-service/pom.xml
    cougar-test/cougar-binaryprotocol-tests/pom.xml
    cougar-test/cougar-ci-process-launcher/pom.xml
    cougar-test/cougar-ci-test-listener/pom.xml
    cougar-test/cougar-client-code-tests/pom.xml
    cougar-test/cougar-component-code-tests/pom.xml
    cougar-test/cougar-iddversion-tests/pom.xml
    cougar-test/cougar-normal-code-tests/pom.xml
    cougar-test/cougar-test-utils/pom.xml
    cougar-test/pom.xml
    cougar-testing-service/pom.xml
    cougar-testing-service/testing-service-idd/pom.xml
    cougar-testing-service/testing-service-impl/pom.xml
    pom.xml
    socket-perf-testing/pom.xml
    socket-perf-testing/socket-perf-testing-client/pom.xml
    socket-perf-testing/socket-perf-testing-idd/pom.xml
    socket-perf-testing/socket-perf-testing-service/pom.xml
    socket-perf-testing/socket-perf-testing-service/socket-perf-testing-app/pom.xml
    socket-perf-testing/socket-perf-testing-service/socket-perf-testing-launcher/pom.xml
https://api.github.com/repos/apache/incubator-wave - apache_incubator-wave - apache/incubator-wave
    build.xml
    src/com/google/gwt/build.xml
    src/com/google/wave/api/build.xml
    src/org/waveprotocol/box/build.xml
    src/org/waveprotocol/protobuf/build.xml
    src/org/waveprotocol/wave/client/build.xml
    src/org/waveprotocol/wave/client/common/build.xml
    src/org/waveprotocol/wave/client/scheduler/build.xml
    src/org/waveprotocol/wave/common/build.xml
    src/org/waveprotocol/wave/communication/build.xml
    src/org/waveprotocol/wave/concurrencycontrol/build.xml
    src/org/waveprotocol/wave/crypto/build.xml
    src/org/waveprotocol/wave/diff/build.xml
    src/org/waveprotocol/wave/federation/build.xml
    src/org/waveprotocol/wave/media/build.xml
    src/org/waveprotocol/wave/model/build.xml
    src/org/waveprotocol/wave/testing/build.xml
    src/org/waveprotocol/wave/util/build.xml
https://api.github.com/repos/arturmkrtchyan/iban4j - arturmkrtchyan_iban4j - arturmkrtchyan/iban4j
    pom.xml
https://api.github.com/repos/jcward/ascsh - jcward_ascsh - jcward/ascsh
    build.xml
https://api.github.com/repos/SlimeKnights/TinkersMechworks - SlimeKnights_TinkersMechworks - SlimeKnights/TinkersMechworks
    build.gradle
https://api.github.com/repos/tjake/stormscraper - tjake_stormscraper - tjake/stormscraper
    pom.xml
https://api.github.com/repos/kikoso/cvBlob-for-Android - kikoso_cvBlob-for-Android - kikoso/cvBlob-for-Android
    No build files found!
https://api.github.com/repos/BazuSports/flurry - BazuSports_flurry - BazuSports/flurry
    build.gradle
https://api.github.com/repos/tibi1712/Folding-Android - tibi1712_Folding-Android - tibi1712/Folding-Android
    No build files found!
https://api.github.com/repos/urunimi/NettyAndroid - urunimi_NettyAndroid - urunimi/NettyAndroid
    build.gradle
    library/build.gradle
    sample/TcpClient/build.gradle
https://api.github.com/repos/mraible/boot-makeover - mraible_boot-makeover - mraible/boot-makeover
    pom.xml
https://api.github.com/repos/jdereg/json-io - jdereg_json-io - jdereg/json-io
    pom.xml
https://api.github.com/repos/drtshock/Potato - drtshock_Potato - drtshock/Potato
    pom.xml
https://api.github.com/repos/joshlong/boot-examples - joshlong_boot-examples - joshlong/boot-examples
    jersey/pom.xml
    pom.xml
    rest-and-mvc/pom.xml
    vaadin/pom.xml
    velocity/pom.xml
    websockets/pom.xml
    x-auth-security/pom.xml
https://api.github.com/repos/Emasher/EmashersMods - Emasher_EmashersMods - Emasher/EmashersMods
    No build files found!
https://api.github.com/repos/mulesoft/raml-jaxrs-codegen - mulesoft_raml-jaxrs-codegen - mulesoft/raml-jaxrs-codegen
    core/pom.xml
    jersey-example/pom.xml
    maven-plugin/pom.xml
    pom.xml
https://api.github.com/repos/sialcasa/mvvmFX - sialcasa_mvvmFX - sialcasa/mvvmFX
    No build files found!
https://api.github.com/repos/nebhale/spring-one-2013 - nebhale_spring-one-2013 - nebhale/spring-one-2013
    rest-ful-api-design/pom.xml
    rest-ful-api-evolution/pom.xml
https://api.github.com/repos/jpush/jpush-api-java-client - jpush_jpush-api-java-client - jpush/jpush-api-java-client
    pom.xml
https://api.github.com/repos/antlr/intellij-plugin-v4 - antlr_intellij-plugin-v4 - antlr/intellij-plugin-v4
    build.xml
https://api.github.com/repos/groupon/nakala - groupon_nakala - groupon/nakala
    pom.xml
https://api.github.com/repos/c-rack/cbor-java - c-rack_cbor-java - c-rack/cbor-java
    pom.xml
https://api.github.com/repos/TPPI-Dev/TPPI-Tweaks - TPPI-Dev_TPPI-Tweaks - TPPI-Dev/TPPI-Tweaks
    build.gradle
https://api.github.com/repos/activequant/aq2o - activequant_aq2o - activequant/aq2o
    apps/pom.xml
    apps/src/main/webapp/resources/img/pom.xml
    archive-hbase/pom.xml
    base/pom.xml
    model/pom.xml
    pom.xml
    server_site/pom.xml
    site/pom.xml
https://api.github.com/repos/rohitiskul/StickyHeaderListWithSTD - rohitiskul_StickyHeaderListWithSTD - rohitiskul/StickyHeaderListWithSTD
    No build files found!
https://api.github.com/repos/bsspirit/maven_hadoop_template - bsspirit_maven_hadoop_template - bsspirit/maven_hadoop_template
    pom.xml
https://api.github.com/repos/yassirh/digital-ocean-swimmer - yassirh_digital-ocean-swimmer - yassirh/digital-ocean-swimmer
    res/layout/dialog_droplet_rebuild.xml
https://api.github.com/repos/pahimar/ChitChat - pahimar_ChitChat - pahimar/ChitChat
    build.xml
https://api.github.com/repos/seasarorg/seasar2 - seasarorg_seasar2 - seasarorg/seasar2
    s2-tiger/pom.xml
    s2jdbc-gen-it/pom.xml
    s2jdbc-gen/pom.xml
    s2jdbc-it/pom.xml
    s2jdbc-tutorial/pom.xml
    seasar2/pom.xml
    seasar2/s2-dist/pom.xml
    seasar2/s2-extension/pom.xml
    seasar2/s2-framework/pom.xml
    s2-tiger/build.xml
    s2jdbc-gen-it/db/build.xml
    s2jdbc-gen-it/extension/build.xml
    s2jdbc-gen/build.xml
    s2jdbc-gen/src/test/resources/s2jdbc-gen-build.xml
    s2jdbc-it/build.xml
    s2jdbc-tutorial/build.xml
    s2jdbc-tutorial/s2jdbc-gen-build.xml
    seasar2/build.xml
    seasar2/s2-dist/build.xml
    seasar2/s2-extension/build.xml
    seasar2/s2-framework/build.xml
    seasar2/src/docbook/build.xml
https://api.github.com/repos/ANDLABS-Git/AndlabsAndroidUtils - ANDLABS-Git_AndlabsAndroidUtils - ANDLABS-Git/AndlabsAndroidUtils
    No build files found!
https://api.github.com/repos/afawcett/githubsfdeploy - afawcett_githubsfdeploy - afawcett/githubsfdeploy
    pom.xml
https://api.github.com/repos/saxman/maps-android-folding_map - saxman_maps-android-folding_map - saxman/maps-android-folding_map
    No build files found!
https://api.github.com/repos/PledgeApps/buyingtime-android - PledgeApps_buyingtime-android - PledgeApps/buyingtime-android
    build.gradle
https://api.github.com/repos/xrigau/droidcon-android-espresso - xrigau_droidcon-android-espresso - xrigau/droidcon-android-espresso
    android-tests/build.gradle
    app/build.gradle
    build.gradle
    core/build.gradle
https://api.github.com/repos/nanapi/jenkins-chatwork-plugin - nanapi_jenkins-chatwork-plugin - nanapi/jenkins-chatwork-plugin
    pom.xml
https://api.github.com/repos/klinker41/evolve_theme - klinker41_evolve_theme - klinker41/evolve_theme
    No build files found!
https://api.github.com/repos/info-sharing-environment/NIEM-Modeling-Tool - info-sharing-environment_NIEM-Modeling-Tool - info-sharing-environment/NIEM-Modeling-Tool
    deployment/pom.xml
    features/pom.xml
    plugins/pom.xml
    pom.xml
    product/pom.xml
    update-site/pom.xml
https://api.github.com/repos/sdeleuze/opensnap - sdeleuze_opensnap - sdeleuze/opensnap
    build.gradle
    opensnap-client/build.gradle
    opensnap-server/build.gradle
https://api.github.com/repos/aritchie/acrmvvmcross - aritchie_acrmvvmcross - aritchie/acrmvvmcross
    No build files found!
URLS processed: 484
